The target system is: Generic -  - 
The host system is: Linux - 6.2.0-39-generic - x86_64
Compiling the C compiler identification source file "CMakeCCompilerId.c" succeeded.
Compiler: /home/filipe/.espressif/tools/xtensa-esp32s3-elf/esp-12.2.0_20230208/xtensa-esp32s3-elf/bin/xtensa-esp32s3-elf-gcc 
Build flags: -mlongcalls;;-ffunction-sections;-fdata-sections;-fno-threadsafe-statics;-fno-rtti;-fno-exceptions;-Wno-deprecated-declarations;-Wno-attributes;-ffunction-sections;-fdata-sections;-fno-threadsafe-statics;-fno-rtti;-fno-exceptions;-Wno-deprecated-declarations;-Wno-attributes
Id flags:  

The output was:
0
cc1: warning: command-line option '-fno-threadsafe-statics' is valid for C++/ObjC++ but not for C
cc1: warning: command-line option '-fno-rtti' is valid for C++/D/ObjC++ but not for C


Compilation of the C compiler identification source "CMakeCCompilerId.c" produced "a.out"

The C compiler identification is GNU, found in "/home/filipe/Projetos/TCC_4DiacForte_ESP32S3/org.eclipse.4diac.forte/bin/esp32s3/CMakeFiles/3.22.1/CompilerIdC/a.out"

Compiling the CXX compiler identification source file "CMakeCXXCompilerId.cpp" succeeded.
Compiler: /home/filipe/.espressif/tools/xtensa-esp32s3-elf/esp-12.2.0_20230208/xtensa-esp32s3-elf/bin/xtensa-esp32s3-elf-g++ 
Build flags: -mlongcalls;;-ffunction-sections;-fdata-sections;-fno-threadsafe-statics;-fno-rtti;-fno-exceptions;-Wno-deprecated-declarations;-Wno-attributes;-ffunction-sections;-fdata-sections;-fno-threadsafe-statics;-fno-rtti;-fno-exceptions;-Wno-deprecated-declarations;-Wno-attributes
Id flags:  

The output was:
0


Compilation of the CXX compiler identification source "CMakeCXXCompilerId.cpp" produced "a.out"

The CXX compiler identification is GNU, found in "/home/filipe/Projetos/TCC_4DiacForte_ESP32S3/org.eclipse.4diac.forte/bin/esp32s3/CMakeFiles/3.22.1/CompilerIdCXX/a.out"

Detecting C compiler ABI info compiled with the following output:
Change Dir: /home/filipe/Projetos/TCC_4DiacForte_ESP32S3/org.eclipse.4diac.forte/bin/esp32s3/CMakeFiles/CMakeTmp

Run Build Command(s):/usr/bin/gmake -f Makefile cmTC_3b16d/fast && /usr/bin/gmake  -f CMakeFiles/cmTC_3b16d.dir/build.make CMakeFiles/cmTC_3b16d.dir/build
gmake[1]: Entering directory '/home/filipe/Projetos/TCC_4DiacForte_ESP32S3/org.eclipse.4diac.forte/bin/esp32s3/CMakeFiles/CMakeTmp'
Building C object CMakeFiles/cmTC_3b16d.dir/CMakeCCompilerABI.c.obj
/home/filipe/.espressif/tools/xtensa-esp32s3-elf/esp-12.2.0_20230208/xtensa-esp32s3-elf/bin/xtensa-esp32s3-elf-gcc   -mlongcalls  -ffunction-sections -fdata-sections -fno-threadsafe-statics -fno-rtti -fno-exceptions -Wno-deprecated-declarations -Wno-attributes -ffunction-sections -fdata-sections -fno-threadsafe-statics -fno-rtti -fno-exceptions -Wno-deprecated-declarations -Wno-attributes    -v -o CMakeFiles/cmTC_3b16d.dir/CMakeCCompilerABI.c.obj -c /usr/share/cmake-3.22/Modules/CMakeCCompilerABI.c
Using built-in specs.
COLLECT_GCC=/home/filipe/.espressif/tools/xtensa-esp32s3-elf/esp-12.2.0_20230208/xtensa-esp32s3-elf/bin/xtensa-esp32s3-elf-gcc
Target: xtensa-esp32s3-elf
Configured with: /builds/idf/crosstool-NG/.build/xtensa-esp32s3-elf/src/gcc/configure --build=x86_64-build_pc-linux-gnu --host=x86_64-build_pc-linux-gnu --target=xtensa-esp32s3-elf --prefix=/builds/idf/crosstool-NG/builds/xtensa-esp32s3-elf --exec_prefix=/builds/idf/crosstool-NG/builds/xtensa-esp32s3-elf --with-local-prefix=/builds/idf/crosstool-NG/builds/xtensa-esp32s3-elf/xtensa-esp32s3-elf --with-headers=/builds/idf/crosstool-NG/builds/xtensa-esp32s3-elf/xtensa-esp32s3-elf/include --with-newlib --enable-threads=no --disable-shared --with-pkgversion='crosstool-NG esp-12.2.0_20230208' --disable-__cxa_atexit --enable-cxx-flags=-ffunction-sections --disable-libgomp --disable-libmudflap --disable-libmpx --disable-libssp --disable-libquadmath --disable-libquadmath-support --disable-libstdcxx-verbose --with-gmp=/builds/idf/crosstool-NG/.build/xtensa-esp32s3-elf/buildtools --with-mpfr=/builds/idf/crosstool-NG/.build/xtensa-esp32s3-elf/buildtools --with-mpc=/builds/idf/crosstool-NG/.build/xtensa-esp32s3-elf/buildtools --with-isl=/builds/idf/crosstool-NG/.build/xtensa-esp32s3-elf/buildtools --enable-lto --enable-target-optspace --without-long-double-128 --disable-nls --enable-multiarch --enable-languages=c,c++ --disable-libstdcxx-verbose --enable-threads=posix --enable-gcov-custom-rtio --enable-libstdcxx-time=yes
Thread model: posix
Supported LTO compression algorithms: zlib
gcc version 12.2.0 (crosstool-NG esp-12.2.0_20230208) 
COLLECT_GCC_OPTIONS='-mlongcalls' '-ffunction-sections' '-fdata-sections' '-fno-threadsafe-statics' '-fno-rtti' '-fno-exceptions' '-Wno-deprecated-declarations' '-Wno-attributes' '-v' '-o' 'CMakeFiles/cmTC_3b16d.dir/CMakeCCompilerABI.c.obj' '-c' '-dumpdir' 'CMakeFiles/cmTC_3b16d.dir/'
 /home/filipe/.espressif/tools/xtensa-esp32s3-elf/esp-12.2.0_20230208/xtensa-esp32s3-elf/bin/../libexec/gcc/xtensa-esp32s3-elf/12.2.0/cc1 -quiet -v -imultilib no-rtti -iprefix /home/filipe/.espressif/tools/xtensa-esp32s3-elf/esp-12.2.0_20230208/xtensa-esp32s3-elf/bin/../lib/gcc/xtensa-esp32s3-elf/12.2.0/ /usr/share/cmake-3.22/Modules/CMakeCCompilerABI.c -quiet -dumpdir CMakeFiles/cmTC_3b16d.dir/ -dumpbase CMakeCCompilerABI.c.c -dumpbase-ext .c -mlongcalls -Wno-deprecated-declarations -Wno-attributes -version -ffunction-sections -fdata-sections -fno-threadsafe-statics -fno-rtti -fno-exceptions -o /tmp/ccTMbmAB.s
cc1: warning: command-line option '-fno-threadsafe-statics' is valid for C++/ObjC++ but not for C
cc1: warning: command-line option '-fno-rtti' is valid for C++/D/ObjC++ but not for C
GNU C17 (crosstool-NG esp-12.2.0_20230208) version 12.2.0 (xtensa-esp32s3-elf)
	compiled by GNU C version 4.9.2, GMP version 6.2.1, MPFR version 4.1.0, MPC version 1.2.1, isl version isl-0.24-GMP

GGC heuristics: --param ggc-min-expand=100 --param ggc-min-heapsize=131072
ignoring duplicate directory "/home/filipe/.espressif/tools/xtensa-esp32s3-elf/esp-12.2.0_20230208/xtensa-esp32s3-elf/bin/../lib/gcc/../../lib/gcc/xtensa-esp32s3-elf/12.2.0/include"
ignoring duplicate directory "/home/filipe/.espressif/tools/xtensa-esp32s3-elf/esp-12.2.0_20230208/xtensa-esp32s3-elf/bin/../lib/gcc/../../lib/gcc/xtensa-esp32s3-elf/12.2.0/include-fixed"
ignoring duplicate directory "/home/filipe/.espressif/tools/xtensa-esp32s3-elf/esp-12.2.0_20230208/xtensa-esp32s3-elf/bin/../lib/gcc/../../lib/gcc/xtensa-esp32s3-elf/12.2.0/../../../../xtensa-esp32s3-elf/sys-include"
ignoring duplicate directory "/home/filipe/.espressif/tools/xtensa-esp32s3-elf/esp-12.2.0_20230208/xtensa-esp32s3-elf/bin/../lib/gcc/../../lib/gcc/xtensa-esp32s3-elf/12.2.0/../../../../xtensa-esp32s3-elf/include"
#include "..." search starts here:
#include <...> search starts here:
 /home/filipe/.espressif/tools/xtensa-esp32s3-elf/esp-12.2.0_20230208/xtensa-esp32s3-elf/bin/../lib/gcc/xtensa-esp32s3-elf/12.2.0/include
 /home/filipe/.espressif/tools/xtensa-esp32s3-elf/esp-12.2.0_20230208/xtensa-esp32s3-elf/bin/../lib/gcc/xtensa-esp32s3-elf/12.2.0/include-fixed
 /home/filipe/.espressif/tools/xtensa-esp32s3-elf/esp-12.2.0_20230208/xtensa-esp32s3-elf/bin/../lib/gcc/xtensa-esp32s3-elf/12.2.0/../../../../xtensa-esp32s3-elf/sys-include
 /home/filipe/.espressif/tools/xtensa-esp32s3-elf/esp-12.2.0_20230208/xtensa-esp32s3-elf/bin/../lib/gcc/xtensa-esp32s3-elf/12.2.0/../../../../xtensa-esp32s3-elf/include
End of search list.
GNU C17 (crosstool-NG esp-12.2.0_20230208) version 12.2.0 (xtensa-esp32s3-elf)
	compiled by GNU C version 4.9.2, GMP version 6.2.1, MPFR version 4.1.0, MPC version 1.2.1, isl version isl-0.24-GMP

GGC heuristics: --param ggc-min-expand=100 --param ggc-min-heapsize=131072
Compiler executable checksum: 38eba8291ba845c0d1e8403729b5b690
COLLECT_GCC_OPTIONS='-mlongcalls' '-ffunction-sections' '-fdata-sections' '-fno-threadsafe-statics' '-fno-rtti' '-fno-exceptions' '-Wno-deprecated-declarations' '-Wno-attributes' '-v' '-o' 'CMakeFiles/cmTC_3b16d.dir/CMakeCCompilerABI.c.obj' '-c' '-dumpdir' 'CMakeFiles/cmTC_3b16d.dir/'
 /home/filipe/.espressif/tools/xtensa-esp32s3-elf/esp-12.2.0_20230208/xtensa-esp32s3-elf/bin/../lib/gcc/xtensa-esp32s3-elf/12.2.0/../../../../xtensa-esp32s3-elf/bin/as --traditional-format --longcalls -o CMakeFiles/cmTC_3b16d.dir/CMakeCCompilerABI.c.obj /tmp/ccTMbmAB.s
COMPILER_PATH=/home/filipe/.espressif/tools/xtensa-esp32s3-elf/esp-12.2.0_20230208/xtensa-esp32s3-elf/bin/../libexec/gcc/xtensa-esp32s3-elf/12.2.0/:/home/filipe/.espressif/tools/xtensa-esp32s3-elf/esp-12.2.0_20230208/xtensa-esp32s3-elf/bin/../libexec/gcc/:/home/filipe/.espressif/tools/xtensa-esp32s3-elf/esp-12.2.0_20230208/xtensa-esp32s3-elf/bin/../lib/gcc/xtensa-esp32s3-elf/12.2.0/../../../../xtensa-esp32s3-elf/bin/
LIBRARY_PATH=/home/filipe/.espressif/tools/xtensa-esp32s3-elf/esp-12.2.0_20230208/xtensa-esp32s3-elf/bin/../lib/gcc/xtensa-esp32s3-elf/12.2.0/no-rtti/:/home/filipe/.espressif/tools/xtensa-esp32s3-elf/esp-12.2.0_20230208/xtensa-esp32s3-elf/bin/../lib/gcc/xtensa-esp32s3-elf/12.2.0/../../../../xtensa-esp32s3-elf/lib/no-rtti/:/home/filipe/.espressif/tools/xtensa-esp32s3-elf/esp-12.2.0_20230208/xtensa-esp32s3-elf/bin/../lib/gcc/xtensa-esp32s3-elf/12.2.0/:/home/filipe/.espressif/tools/xtensa-esp32s3-elf/esp-12.2.0_20230208/xtensa-esp32s3-elf/bin/../lib/gcc/:/home/filipe/.espressif/tools/xtensa-esp32s3-elf/esp-12.2.0_20230208/xtensa-esp32s3-elf/bin/../lib/gcc/xtensa-esp32s3-elf/12.2.0/../../../../xtensa-esp32s3-elf/lib/
COLLECT_GCC_OPTIONS='-mlongcalls' '-ffunction-sections' '-fdata-sections' '-fno-threadsafe-statics' '-fno-rtti' '-fno-exceptions' '-Wno-deprecated-declarations' '-Wno-attributes' '-v' '-o' 'CMakeFiles/cmTC_3b16d.dir/CMakeCCompilerABI.c.obj' '-c' '-dumpdir' 'CMakeFiles/cmTC_3b16d.dir/CMakeCCompilerABI.c.'
Linking C executable cmTC_3b16d
/usr/bin/cmake -E cmake_link_script CMakeFiles/cmTC_3b16d.dir/link.txt --verbose=1
/home/filipe/.espressif/tools/xtensa-esp32s3-elf/esp-12.2.0_20230208/xtensa-esp32s3-elf/bin/xtensa-esp32s3-elf-gcc -mlongcalls  -ffunction-sections -fdata-sections -fno-threadsafe-statics -fno-rtti -fno-exceptions -Wno-deprecated-declarations -Wno-attributes -ffunction-sections -fdata-sections -fno-threadsafe-statics -fno-rtti -fno-exceptions -Wno-deprecated-declarations -Wno-attributes   -v CMakeFiles/cmTC_3b16d.dir/CMakeCCompilerABI.c.obj -o cmTC_3b16d 
Using built-in specs.
COLLECT_GCC=/home/filipe/.espressif/tools/xtensa-esp32s3-elf/esp-12.2.0_20230208/xtensa-esp32s3-elf/bin/xtensa-esp32s3-elf-gcc
COLLECT_LTO_WRAPPER=/home/filipe/.espressif/tools/xtensa-esp32s3-elf/esp-12.2.0_20230208/xtensa-esp32s3-elf/bin/../libexec/gcc/xtensa-esp32s3-elf/12.2.0/lto-wrapper
Target: xtensa-esp32s3-elf
Configured with: /builds/idf/crosstool-NG/.build/xtensa-esp32s3-elf/src/gcc/configure --build=x86_64-build_pc-linux-gnu --host=x86_64-build_pc-linux-gnu --target=xtensa-esp32s3-elf --prefix=/builds/idf/crosstool-NG/builds/xtensa-esp32s3-elf --exec_prefix=/builds/idf/crosstool-NG/builds/xtensa-esp32s3-elf --with-local-prefix=/builds/idf/crosstool-NG/builds/xtensa-esp32s3-elf/xtensa-esp32s3-elf --with-headers=/builds/idf/crosstool-NG/builds/xtensa-esp32s3-elf/xtensa-esp32s3-elf/include --with-newlib --enable-threads=no --disable-shared --with-pkgversion='crosstool-NG esp-12.2.0_20230208' --disable-__cxa_atexit --enable-cxx-flags=-ffunction-sections --disable-libgomp --disable-libmudflap --disable-libmpx --disable-libssp --disable-libquadmath --disable-libquadmath-support --disable-libstdcxx-verbose --with-gmp=/builds/idf/crosstool-NG/.build/xtensa-esp32s3-elf/buildtools --with-mpfr=/builds/idf/crosstool-NG/.build/xtensa-esp32s3-elf/buildtools --with-mpc=/builds/idf/crosstool-NG/.build/xtensa-esp32s3-elf/buildtools --with-isl=/builds/idf/crosstool-NG/.build/xtensa-esp32s3-elf/buildtools --enable-lto --enable-target-optspace --without-long-double-128 --disable-nls --enable-multiarch --enable-languages=c,c++ --disable-libstdcxx-verbose --enable-threads=posix --enable-gcov-custom-rtio --enable-libstdcxx-time=yes
Thread model: posix
Supported LTO compression algorithms: zlib
gcc version 12.2.0 (crosstool-NG esp-12.2.0_20230208) 
COMPILER_PATH=/home/filipe/.espressif/tools/xtensa-esp32s3-elf/esp-12.2.0_20230208/xtensa-esp32s3-elf/bin/../libexec/gcc/xtensa-esp32s3-elf/12.2.0/:/home/filipe/.espressif/tools/xtensa-esp32s3-elf/esp-12.2.0_20230208/xtensa-esp32s3-elf/bin/../libexec/gcc/:/home/filipe/.espressif/tools/xtensa-esp32s3-elf/esp-12.2.0_20230208/xtensa-esp32s3-elf/bin/../lib/gcc/xtensa-esp32s3-elf/12.2.0/../../../../xtensa-esp32s3-elf/bin/
LIBRARY_PATH=/home/filipe/.espressif/tools/xtensa-esp32s3-elf/esp-12.2.0_20230208/xtensa-esp32s3-elf/bin/../lib/gcc/xtensa-esp32s3-elf/12.2.0/no-rtti/:/home/filipe/.espressif/tools/xtensa-esp32s3-elf/esp-12.2.0_20230208/xtensa-esp32s3-elf/bin/../lib/gcc/xtensa-esp32s3-elf/12.2.0/../../../../xtensa-esp32s3-elf/lib/no-rtti/:/home/filipe/.espressif/tools/xtensa-esp32s3-elf/esp-12.2.0_20230208/xtensa-esp32s3-elf/bin/../lib/gcc/xtensa-esp32s3-elf/12.2.0/:/home/filipe/.espressif/tools/xtensa-esp32s3-elf/esp-12.2.0_20230208/xtensa-esp32s3-elf/bin/../lib/gcc/:/home/filipe/.espressif/tools/xtensa-esp32s3-elf/esp-12.2.0_20230208/xtensa-esp32s3-elf/bin/../lib/gcc/xtensa-esp32s3-elf/12.2.0/../../../../xtensa-esp32s3-elf/lib/
COLLECT_GCC_OPTIONS='-mlongcalls' '-ffunction-sections' '-fdata-sections' '-fno-threadsafe-statics' '-fno-rtti' '-fno-exceptions' '-Wno-deprecated-declarations' '-Wno-attributes' '-v' '-o' 'cmTC_3b16d' '-dumpdir' 'cmTC_3b16d.'
 /home/filipe/.espressif/tools/xtensa-esp32s3-elf/esp-12.2.0_20230208/xtensa-esp32s3-elf/bin/../libexec/gcc/xtensa-esp32s3-elf/12.2.0/collect2 -plugin /home/filipe/.espressif/tools/xtensa-esp32s3-elf/esp-12.2.0_20230208/xtensa-esp32s3-elf/bin/../libexec/gcc/xtensa-esp32s3-elf/12.2.0/liblto_plugin.so -plugin-opt=/home/filipe/.espressif/tools/xtensa-esp32s3-elf/esp-12.2.0_20230208/xtensa-esp32s3-elf/bin/../libexec/gcc/xtensa-esp32s3-elf/12.2.0/lto-wrapper -plugin-opt=-fresolution=/tmp/ccKc87dw.res -plugin-opt=-pass-through=-lgcc -plugin-opt=-pass-through=-lc -plugin-opt=-pass-through=-lnosys -plugin-opt=-pass-through=-lc -plugin-opt=-pass-through=-lgcc -o cmTC_3b16d /home/filipe/.espressif/tools/xtensa-esp32s3-elf/esp-12.2.0_20230208/xtensa-esp32s3-elf/bin/../lib/gcc/xtensa-esp32s3-elf/12.2.0/../../../../xtensa-esp32s3-elf/lib/no-rtti/crt0.o /home/filipe/.espressif/tools/xtensa-esp32s3-elf/esp-12.2.0_20230208/xtensa-esp32s3-elf/bin/../lib/gcc/xtensa-esp32s3-elf/12.2.0/no-rtti/crti.o /home/filipe/.espressif/tools/xtensa-esp32s3-elf/esp-12.2.0_20230208/xtensa-esp32s3-elf/bin/../lib/gcc/xtensa-esp32s3-elf/12.2.0/no-rtti/crtbegin.o -L/home/filipe/.espressif/tools/xtensa-esp32s3-elf/esp-12.2.0_20230208/xtensa-esp32s3-elf/bin/../lib/gcc/xtensa-esp32s3-elf/12.2.0/no-rtti -L/home/filipe/.espressif/tools/xtensa-esp32s3-elf/esp-12.2.0_20230208/xtensa-esp32s3-elf/bin/../lib/gcc/xtensa-esp32s3-elf/12.2.0/../../../../xtensa-esp32s3-elf/lib/no-rtti -L/home/filipe/.espressif/tools/xtensa-esp32s3-elf/esp-12.2.0_20230208/xtensa-esp32s3-elf/bin/../lib/gcc/xtensa-esp32s3-elf/12.2.0 -L/home/filipe/.espressif/tools/xtensa-esp32s3-elf/esp-12.2.0_20230208/xtensa-esp32s3-elf/bin/../lib/gcc -L/home/filipe/.espressif/tools/xtensa-esp32s3-elf/esp-12.2.0_20230208/xtensa-esp32s3-elf/bin/../lib/gcc/xtensa-esp32s3-elf/12.2.0/../../../../xtensa-esp32s3-elf/lib CMakeFiles/cmTC_3b16d.dir/CMakeCCompilerABI.c.obj -lgcc -lc -lnosys -lc -lgcc /home/filipe/.espressif/tools/xtensa-esp32s3-elf/esp-12.2.0_20230208/xtensa-esp32s3-elf/bin/../lib/gcc/xtensa-esp32s3-elf/12.2.0/no-rtti/crtend.o /home/filipe/.espressif/tools/xtensa-esp32s3-elf/esp-12.2.0_20230208/xtensa-esp32s3-elf/bin/../lib/gcc/xtensa-esp32s3-elf/12.2.0/no-rtti/crtn.o
COLLECT_GCC_OPTIONS='-mlongcalls' '-ffunction-sections' '-fdata-sections' '-fno-threadsafe-statics' '-fno-rtti' '-fno-exceptions' '-Wno-deprecated-declarations' '-Wno-attributes' '-v' '-o' 'cmTC_3b16d' '-dumpdir' 'cmTC_3b16d.'
gmake[1]: Leaving directory '/home/filipe/Projetos/TCC_4DiacForte_ESP32S3/org.eclipse.4diac.forte/bin/esp32s3/CMakeFiles/CMakeTmp'



Parsed C implicit include dir info from above output: rv=done
  found start of include info
  found start of implicit include info
    add: [/home/filipe/.espressif/tools/xtensa-esp32s3-elf/esp-12.2.0_20230208/xtensa-esp32s3-elf/bin/../lib/gcc/xtensa-esp32s3-elf/12.2.0/include]
    add: [/home/filipe/.espressif/tools/xtensa-esp32s3-elf/esp-12.2.0_20230208/xtensa-esp32s3-elf/bin/../lib/gcc/xtensa-esp32s3-elf/12.2.0/include-fixed]
    add: [/home/filipe/.espressif/tools/xtensa-esp32s3-elf/esp-12.2.0_20230208/xtensa-esp32s3-elf/bin/../lib/gcc/xtensa-esp32s3-elf/12.2.0/../../../../xtensa-esp32s3-elf/sys-include]
    add: [/home/filipe/.espressif/tools/xtensa-esp32s3-elf/esp-12.2.0_20230208/xtensa-esp32s3-elf/bin/../lib/gcc/xtensa-esp32s3-elf/12.2.0/../../../../xtensa-esp32s3-elf/include]
  end of search list found
  collapse include dir [/home/filipe/.espressif/tools/xtensa-esp32s3-elf/esp-12.2.0_20230208/xtensa-esp32s3-elf/bin/../lib/gcc/xtensa-esp32s3-elf/12.2.0/include] ==> [/home/filipe/.espressif/tools/xtensa-esp32s3-elf/esp-12.2.0_20230208/xtensa-esp32s3-elf/lib/gcc/xtensa-esp32s3-elf/12.2.0/include]
  collapse include dir [/home/filipe/.espressif/tools/xtensa-esp32s3-elf/esp-12.2.0_20230208/xtensa-esp32s3-elf/bin/../lib/gcc/xtensa-esp32s3-elf/12.2.0/include-fixed] ==> [/home/filipe/.espressif/tools/xtensa-esp32s3-elf/esp-12.2.0_20230208/xtensa-esp32s3-elf/lib/gcc/xtensa-esp32s3-elf/12.2.0/include-fixed]
  collapse include dir [/home/filipe/.espressif/tools/xtensa-esp32s3-elf/esp-12.2.0_20230208/xtensa-esp32s3-elf/bin/../lib/gcc/xtensa-esp32s3-elf/12.2.0/../../../../xtensa-esp32s3-elf/sys-include] ==> [/home/filipe/.espressif/tools/xtensa-esp32s3-elf/esp-12.2.0_20230208/xtensa-esp32s3-elf/xtensa-esp32s3-elf/sys-include]
  collapse include dir [/home/filipe/.espressif/tools/xtensa-esp32s3-elf/esp-12.2.0_20230208/xtensa-esp32s3-elf/bin/../lib/gcc/xtensa-esp32s3-elf/12.2.0/../../../../xtensa-esp32s3-elf/include] ==> [/home/filipe/.espressif/tools/xtensa-esp32s3-elf/esp-12.2.0_20230208/xtensa-esp32s3-elf/xtensa-esp32s3-elf/include]
  implicit include dirs: [/home/filipe/.espressif/tools/xtensa-esp32s3-elf/esp-12.2.0_20230208/xtensa-esp32s3-elf/lib/gcc/xtensa-esp32s3-elf/12.2.0/include;/home/filipe/.espressif/tools/xtensa-esp32s3-elf/esp-12.2.0_20230208/xtensa-esp32s3-elf/lib/gcc/xtensa-esp32s3-elf/12.2.0/include-fixed;/home/filipe/.espressif/tools/xtensa-esp32s3-elf/esp-12.2.0_20230208/xtensa-esp32s3-elf/xtensa-esp32s3-elf/sys-include;/home/filipe/.espressif/tools/xtensa-esp32s3-elf/esp-12.2.0_20230208/xtensa-esp32s3-elf/xtensa-esp32s3-elf/include]


Parsed C implicit link information from above output:
  link line regex: [^( *|.*[/\])(xtensa-esp32s3-elf-ld|CMAKE_LINK_STARTFILE-NOTFOUND|([^/\]+-)?ld|collect2)[^/\]*( |$)]
  ignore line: [Change Dir: /home/filipe/Projetos/TCC_4DiacForte_ESP32S3/org.eclipse.4diac.forte/bin/esp32s3/CMakeFiles/CMakeTmp]
  ignore line: []
  ignore line: [Run Build Command(s):/usr/bin/gmake -f Makefile cmTC_3b16d/fast && /usr/bin/gmake  -f CMakeFiles/cmTC_3b16d.dir/build.make CMakeFiles/cmTC_3b16d.dir/build]
  ignore line: [gmake[1]: Entering directory '/home/filipe/Projetos/TCC_4DiacForte_ESP32S3/org.eclipse.4diac.forte/bin/esp32s3/CMakeFiles/CMakeTmp']
  ignore line: [Building C object CMakeFiles/cmTC_3b16d.dir/CMakeCCompilerABI.c.obj]
  ignore line: [/home/filipe/.espressif/tools/xtensa-esp32s3-elf/esp-12.2.0_20230208/xtensa-esp32s3-elf/bin/xtensa-esp32s3-elf-gcc   -mlongcalls  -ffunction-sections -fdata-sections -fno-threadsafe-statics -fno-rtti -fno-exceptions -Wno-deprecated-declarations -Wno-attributes -ffunction-sections -fdata-sections -fno-threadsafe-statics -fno-rtti -fno-exceptions -Wno-deprecated-declarations -Wno-attributes    -v -o CMakeFiles/cmTC_3b16d.dir/CMakeCCompilerABI.c.obj -c /usr/share/cmake-3.22/Modules/CMakeCCompilerABI.c]
  ignore line: [Using built-in specs.]
  ignore line: [COLLECT_GCC=/home/filipe/.espressif/tools/xtensa-esp32s3-elf/esp-12.2.0_20230208/xtensa-esp32s3-elf/bin/xtensa-esp32s3-elf-gcc]
  ignore line: [Target: xtensa-esp32s3-elf]
  ignore line: [Configured with: /builds/idf/crosstool-NG/.build/xtensa-esp32s3-elf/src/gcc/configure --build=x86_64-build_pc-linux-gnu --host=x86_64-build_pc-linux-gnu --target=xtensa-esp32s3-elf --prefix=/builds/idf/crosstool-NG/builds/xtensa-esp32s3-elf --exec_prefix=/builds/idf/crosstool-NG/builds/xtensa-esp32s3-elf --with-local-prefix=/builds/idf/crosstool-NG/builds/xtensa-esp32s3-elf/xtensa-esp32s3-elf --with-headers=/builds/idf/crosstool-NG/builds/xtensa-esp32s3-elf/xtensa-esp32s3-elf/include --with-newlib --enable-threads=no --disable-shared --with-pkgversion='crosstool-NG esp-12.2.0_20230208' --disable-__cxa_atexit --enable-cxx-flags=-ffunction-sections --disable-libgomp --disable-libmudflap --disable-libmpx --disable-libssp --disable-libquadmath --disable-libquadmath-support --disable-libstdcxx-verbose --with-gmp=/builds/idf/crosstool-NG/.build/xtensa-esp32s3-elf/buildtools --with-mpfr=/builds/idf/crosstool-NG/.build/xtensa-esp32s3-elf/buildtools --with-mpc=/builds/idf/crosstool-NG/.build/xtensa-esp32s3-elf/buildtools --with-isl=/builds/idf/crosstool-NG/.build/xtensa-esp32s3-elf/buildtools --enable-lto --enable-target-optspace --without-long-double-128 --disable-nls --enable-multiarch --enable-languages=c c++ --disable-libstdcxx-verbose --enable-threads=posix --enable-gcov-custom-rtio --enable-libstdcxx-time=yes]
  ignore line: [Thread model: posix]
  ignore line: [Supported LTO compression algorithms: zlib]
  ignore line: [gcc version 12.2.0 (crosstool-NG esp-12.2.0_20230208) ]
  ignore line: [COLLECT_GCC_OPTIONS='-mlongcalls' '-ffunction-sections' '-fdata-sections' '-fno-threadsafe-statics' '-fno-rtti' '-fno-exceptions' '-Wno-deprecated-declarations' '-Wno-attributes' '-v' '-o' 'CMakeFiles/cmTC_3b16d.dir/CMakeCCompilerABI.c.obj' '-c' '-dumpdir' 'CMakeFiles/cmTC_3b16d.dir/']
  ignore line: [ /home/filipe/.espressif/tools/xtensa-esp32s3-elf/esp-12.2.0_20230208/xtensa-esp32s3-elf/bin/../libexec/gcc/xtensa-esp32s3-elf/12.2.0/cc1 -quiet -v -imultilib no-rtti -iprefix /home/filipe/.espressif/tools/xtensa-esp32s3-elf/esp-12.2.0_20230208/xtensa-esp32s3-elf/bin/../lib/gcc/xtensa-esp32s3-elf/12.2.0/ /usr/share/cmake-3.22/Modules/CMakeCCompilerABI.c -quiet -dumpdir CMakeFiles/cmTC_3b16d.dir/ -dumpbase CMakeCCompilerABI.c.c -dumpbase-ext .c -mlongcalls -Wno-deprecated-declarations -Wno-attributes -version -ffunction-sections -fdata-sections -fno-threadsafe-statics -fno-rtti -fno-exceptions -o /tmp/ccTMbmAB.s]
  ignore line: [cc1: warning: command-line option '-fno-threadsafe-statics' is valid for C++/ObjC++ but not for C]
  ignore line: [cc1: warning: command-line option '-fno-rtti' is valid for C++/D/ObjC++ but not for C]
  ignore line: [GNU C17 (crosstool-NG esp-12.2.0_20230208) version 12.2.0 (xtensa-esp32s3-elf)]
  ignore line: [	compiled by GNU C version 4.9.2  GMP version 6.2.1  MPFR version 4.1.0  MPC version 1.2.1  isl version isl-0.24-GMP]
  ignore line: []
  ignore line: [GGC heuristics: --param ggc-min-expand=100 --param ggc-min-heapsize=131072]
  ignore line: [ignoring duplicate directory "/home/filipe/.espressif/tools/xtensa-esp32s3-elf/esp-12.2.0_20230208/xtensa-esp32s3-elf/bin/../lib/gcc/../../lib/gcc/xtensa-esp32s3-elf/12.2.0/include"]
  ignore line: [ignoring duplicate directory "/home/filipe/.espressif/tools/xtensa-esp32s3-elf/esp-12.2.0_20230208/xtensa-esp32s3-elf/bin/../lib/gcc/../../lib/gcc/xtensa-esp32s3-elf/12.2.0/include-fixed"]
  ignore line: [ignoring duplicate directory "/home/filipe/.espressif/tools/xtensa-esp32s3-elf/esp-12.2.0_20230208/xtensa-esp32s3-elf/bin/../lib/gcc/../../lib/gcc/xtensa-esp32s3-elf/12.2.0/../../../../xtensa-esp32s3-elf/sys-include"]
  ignore line: [ignoring duplicate directory "/home/filipe/.espressif/tools/xtensa-esp32s3-elf/esp-12.2.0_20230208/xtensa-esp32s3-elf/bin/../lib/gcc/../../lib/gcc/xtensa-esp32s3-elf/12.2.0/../../../../xtensa-esp32s3-elf/include"]
  ignore line: [#include "..." search starts here:]
  ignore line: [#include <...> search starts here:]
  ignore line: [ /home/filipe/.espressif/tools/xtensa-esp32s3-elf/esp-12.2.0_20230208/xtensa-esp32s3-elf/bin/../lib/gcc/xtensa-esp32s3-elf/12.2.0/include]
  ignore line: [ /home/filipe/.espressif/tools/xtensa-esp32s3-elf/esp-12.2.0_20230208/xtensa-esp32s3-elf/bin/../lib/gcc/xtensa-esp32s3-elf/12.2.0/include-fixed]
  ignore line: [ /home/filipe/.espressif/tools/xtensa-esp32s3-elf/esp-12.2.0_20230208/xtensa-esp32s3-elf/bin/../lib/gcc/xtensa-esp32s3-elf/12.2.0/../../../../xtensa-esp32s3-elf/sys-include]
  ignore line: [ /home/filipe/.espressif/tools/xtensa-esp32s3-elf/esp-12.2.0_20230208/xtensa-esp32s3-elf/bin/../lib/gcc/xtensa-esp32s3-elf/12.2.0/../../../../xtensa-esp32s3-elf/include]
  ignore line: [End of search list.]
  ignore line: [GNU C17 (crosstool-NG esp-12.2.0_20230208) version 12.2.0 (xtensa-esp32s3-elf)]
  ignore line: [	compiled by GNU C version 4.9.2  GMP version 6.2.1  MPFR version 4.1.0  MPC version 1.2.1  isl version isl-0.24-GMP]
  ignore line: []
  ignore line: [GGC heuristics: --param ggc-min-expand=100 --param ggc-min-heapsize=131072]
  ignore line: [Compiler executable checksum: 38eba8291ba845c0d1e8403729b5b690]
  ignore line: [COLLECT_GCC_OPTIONS='-mlongcalls' '-ffunction-sections' '-fdata-sections' '-fno-threadsafe-statics' '-fno-rtti' '-fno-exceptions' '-Wno-deprecated-declarations' '-Wno-attributes' '-v' '-o' 'CMakeFiles/cmTC_3b16d.dir/CMakeCCompilerABI.c.obj' '-c' '-dumpdir' 'CMakeFiles/cmTC_3b16d.dir/']
  ignore line: [ /home/filipe/.espressif/tools/xtensa-esp32s3-elf/esp-12.2.0_20230208/xtensa-esp32s3-elf/bin/../lib/gcc/xtensa-esp32s3-elf/12.2.0/../../../../xtensa-esp32s3-elf/bin/as --traditional-format --longcalls -o CMakeFiles/cmTC_3b16d.dir/CMakeCCompilerABI.c.obj /tmp/ccTMbmAB.s]
  ignore line: [COMPILER_PATH=/home/filipe/.espressif/tools/xtensa-esp32s3-elf/esp-12.2.0_20230208/xtensa-esp32s3-elf/bin/../libexec/gcc/xtensa-esp32s3-elf/12.2.0/:/home/filipe/.espressif/tools/xtensa-esp32s3-elf/esp-12.2.0_20230208/xtensa-esp32s3-elf/bin/../libexec/gcc/:/home/filipe/.espressif/tools/xtensa-esp32s3-elf/esp-12.2.0_20230208/xtensa-esp32s3-elf/bin/../lib/gcc/xtensa-esp32s3-elf/12.2.0/../../../../xtensa-esp32s3-elf/bin/]
  ignore line: [LIBRARY_PATH=/home/filipe/.espressif/tools/xtensa-esp32s3-elf/esp-12.2.0_20230208/xtensa-esp32s3-elf/bin/../lib/gcc/xtensa-esp32s3-elf/12.2.0/no-rtti/:/home/filipe/.espressif/tools/xtensa-esp32s3-elf/esp-12.2.0_20230208/xtensa-esp32s3-elf/bin/../lib/gcc/xtensa-esp32s3-elf/12.2.0/../../../../xtensa-esp32s3-elf/lib/no-rtti/:/home/filipe/.espressif/tools/xtensa-esp32s3-elf/esp-12.2.0_20230208/xtensa-esp32s3-elf/bin/../lib/gcc/xtensa-esp32s3-elf/12.2.0/:/home/filipe/.espressif/tools/xtensa-esp32s3-elf/esp-12.2.0_20230208/xtensa-esp32s3-elf/bin/../lib/gcc/:/home/filipe/.espressif/tools/xtensa-esp32s3-elf/esp-12.2.0_20230208/xtensa-esp32s3-elf/bin/../lib/gcc/xtensa-esp32s3-elf/12.2.0/../../../../xtensa-esp32s3-elf/lib/]
  ignore line: [COLLECT_GCC_OPTIONS='-mlongcalls' '-ffunction-sections' '-fdata-sections' '-fno-threadsafe-statics' '-fno-rtti' '-fno-exceptions' '-Wno-deprecated-declarations' '-Wno-attributes' '-v' '-o' 'CMakeFiles/cmTC_3b16d.dir/CMakeCCompilerABI.c.obj' '-c' '-dumpdir' 'CMakeFiles/cmTC_3b16d.dir/CMakeCCompilerABI.c.']
  ignore line: [Linking C executable cmTC_3b16d]
  ignore line: [/usr/bin/cmake -E cmake_link_script CMakeFiles/cmTC_3b16d.dir/link.txt --verbose=1]
  ignore line: [/home/filipe/.espressif/tools/xtensa-esp32s3-elf/esp-12.2.0_20230208/xtensa-esp32s3-elf/bin/xtensa-esp32s3-elf-gcc -mlongcalls  -ffunction-sections -fdata-sections -fno-threadsafe-statics -fno-rtti -fno-exceptions -Wno-deprecated-declarations -Wno-attributes -ffunction-sections -fdata-sections -fno-threadsafe-statics -fno-rtti -fno-exceptions -Wno-deprecated-declarations -Wno-attributes   -v CMakeFiles/cmTC_3b16d.dir/CMakeCCompilerABI.c.obj -o cmTC_3b16d ]
  ignore line: [Using built-in specs.]
  ignore line: [COLLECT_GCC=/home/filipe/.espressif/tools/xtensa-esp32s3-elf/esp-12.2.0_20230208/xtensa-esp32s3-elf/bin/xtensa-esp32s3-elf-gcc]
  ignore line: [COLLECT_LTO_WRAPPER=/home/filipe/.espressif/tools/xtensa-esp32s3-elf/esp-12.2.0_20230208/xtensa-esp32s3-elf/bin/../libexec/gcc/xtensa-esp32s3-elf/12.2.0/lto-wrapper]
  ignore line: [Target: xtensa-esp32s3-elf]
  ignore line: [Configured with: /builds/idf/crosstool-NG/.build/xtensa-esp32s3-elf/src/gcc/configure --build=x86_64-build_pc-linux-gnu --host=x86_64-build_pc-linux-gnu --target=xtensa-esp32s3-elf --prefix=/builds/idf/crosstool-NG/builds/xtensa-esp32s3-elf --exec_prefix=/builds/idf/crosstool-NG/builds/xtensa-esp32s3-elf --with-local-prefix=/builds/idf/crosstool-NG/builds/xtensa-esp32s3-elf/xtensa-esp32s3-elf --with-headers=/builds/idf/crosstool-NG/builds/xtensa-esp32s3-elf/xtensa-esp32s3-elf/include --with-newlib --enable-threads=no --disable-shared --with-pkgversion='crosstool-NG esp-12.2.0_20230208' --disable-__cxa_atexit --enable-cxx-flags=-ffunction-sections --disable-libgomp --disable-libmudflap --disable-libmpx --disable-libssp --disable-libquadmath --disable-libquadmath-support --disable-libstdcxx-verbose --with-gmp=/builds/idf/crosstool-NG/.build/xtensa-esp32s3-elf/buildtools --with-mpfr=/builds/idf/crosstool-NG/.build/xtensa-esp32s3-elf/buildtools --with-mpc=/builds/idf/crosstool-NG/.build/xtensa-esp32s3-elf/buildtools --with-isl=/builds/idf/crosstool-NG/.build/xtensa-esp32s3-elf/buildtools --enable-lto --enable-target-optspace --without-long-double-128 --disable-nls --enable-multiarch --enable-languages=c c++ --disable-libstdcxx-verbose --enable-threads=posix --enable-gcov-custom-rtio --enable-libstdcxx-time=yes]
  ignore line: [Thread model: posix]
  ignore line: [Supported LTO compression algorithms: zlib]
  ignore line: [gcc version 12.2.0 (crosstool-NG esp-12.2.0_20230208) ]
  ignore line: [COMPILER_PATH=/home/filipe/.espressif/tools/xtensa-esp32s3-elf/esp-12.2.0_20230208/xtensa-esp32s3-elf/bin/../libexec/gcc/xtensa-esp32s3-elf/12.2.0/:/home/filipe/.espressif/tools/xtensa-esp32s3-elf/esp-12.2.0_20230208/xtensa-esp32s3-elf/bin/../libexec/gcc/:/home/filipe/.espressif/tools/xtensa-esp32s3-elf/esp-12.2.0_20230208/xtensa-esp32s3-elf/bin/../lib/gcc/xtensa-esp32s3-elf/12.2.0/../../../../xtensa-esp32s3-elf/bin/]
  ignore line: [LIBRARY_PATH=/home/filipe/.espressif/tools/xtensa-esp32s3-elf/esp-12.2.0_20230208/xtensa-esp32s3-elf/bin/../lib/gcc/xtensa-esp32s3-elf/12.2.0/no-rtti/:/home/filipe/.espressif/tools/xtensa-esp32s3-elf/esp-12.2.0_20230208/xtensa-esp32s3-elf/bin/../lib/gcc/xtensa-esp32s3-elf/12.2.0/../../../../xtensa-esp32s3-elf/lib/no-rtti/:/home/filipe/.espressif/tools/xtensa-esp32s3-elf/esp-12.2.0_20230208/xtensa-esp32s3-elf/bin/../lib/gcc/xtensa-esp32s3-elf/12.2.0/:/home/filipe/.espressif/tools/xtensa-esp32s3-elf/esp-12.2.0_20230208/xtensa-esp32s3-elf/bin/../lib/gcc/:/home/filipe/.espressif/tools/xtensa-esp32s3-elf/esp-12.2.0_20230208/xtensa-esp32s3-elf/bin/../lib/gcc/xtensa-esp32s3-elf/12.2.0/../../../../xtensa-esp32s3-elf/lib/]
  ignore line: [COLLECT_GCC_OPTIONS='-mlongcalls' '-ffunction-sections' '-fdata-sections' '-fno-threadsafe-statics' '-fno-rtti' '-fno-exceptions' '-Wno-deprecated-declarations' '-Wno-attributes' '-v' '-o' 'cmTC_3b16d' '-dumpdir' 'cmTC_3b16d.']
  link line: [ /home/filipe/.espressif/tools/xtensa-esp32s3-elf/esp-12.2.0_20230208/xtensa-esp32s3-elf/bin/../libexec/gcc/xtensa-esp32s3-elf/12.2.0/collect2 -plugin /home/filipe/.espressif/tools/xtensa-esp32s3-elf/esp-12.2.0_20230208/xtensa-esp32s3-elf/bin/../libexec/gcc/xtensa-esp32s3-elf/12.2.0/liblto_plugin.so -plugin-opt=/home/filipe/.espressif/tools/xtensa-esp32s3-elf/esp-12.2.0_20230208/xtensa-esp32s3-elf/bin/../libexec/gcc/xtensa-esp32s3-elf/12.2.0/lto-wrapper -plugin-opt=-fresolution=/tmp/ccKc87dw.res -plugin-opt=-pass-through=-lgcc -plugin-opt=-pass-through=-lc -plugin-opt=-pass-through=-lnosys -plugin-opt=-pass-through=-lc -plugin-opt=-pass-through=-lgcc -o cmTC_3b16d /home/filipe/.espressif/tools/xtensa-esp32s3-elf/esp-12.2.0_20230208/xtensa-esp32s3-elf/bin/../lib/gcc/xtensa-esp32s3-elf/12.2.0/../../../../xtensa-esp32s3-elf/lib/no-rtti/crt0.o /home/filipe/.espressif/tools/xtensa-esp32s3-elf/esp-12.2.0_20230208/xtensa-esp32s3-elf/bin/../lib/gcc/xtensa-esp32s3-elf/12.2.0/no-rtti/crti.o /home/filipe/.espressif/tools/xtensa-esp32s3-elf/esp-12.2.0_20230208/xtensa-esp32s3-elf/bin/../lib/gcc/xtensa-esp32s3-elf/12.2.0/no-rtti/crtbegin.o -L/home/filipe/.espressif/tools/xtensa-esp32s3-elf/esp-12.2.0_20230208/xtensa-esp32s3-elf/bin/../lib/gcc/xtensa-esp32s3-elf/12.2.0/no-rtti -L/home/filipe/.espressif/tools/xtensa-esp32s3-elf/esp-12.2.0_20230208/xtensa-esp32s3-elf/bin/../lib/gcc/xtensa-esp32s3-elf/12.2.0/../../../../xtensa-esp32s3-elf/lib/no-rtti -L/home/filipe/.espressif/tools/xtensa-esp32s3-elf/esp-12.2.0_20230208/xtensa-esp32s3-elf/bin/../lib/gcc/xtensa-esp32s3-elf/12.2.0 -L/home/filipe/.espressif/tools/xtensa-esp32s3-elf/esp-12.2.0_20230208/xtensa-esp32s3-elf/bin/../lib/gcc -L/home/filipe/.espressif/tools/xtensa-esp32s3-elf/esp-12.2.0_20230208/xtensa-esp32s3-elf/bin/../lib/gcc/xtensa-esp32s3-elf/12.2.0/../../../../xtensa-esp32s3-elf/lib CMakeFiles/cmTC_3b16d.dir/CMakeCCompilerABI.c.obj -lgcc -lc -lnosys -lc -lgcc /home/filipe/.espressif/tools/xtensa-esp32s3-elf/esp-12.2.0_20230208/xtensa-esp32s3-elf/bin/../lib/gcc/xtensa-esp32s3-elf/12.2.0/no-rtti/crtend.o /home/filipe/.espressif/tools/xtensa-esp32s3-elf/esp-12.2.0_20230208/xtensa-esp32s3-elf/bin/../lib/gcc/xtensa-esp32s3-elf/12.2.0/no-rtti/crtn.o]
    arg [/home/filipe/.espressif/tools/xtensa-esp32s3-elf/esp-12.2.0_20230208/xtensa-esp32s3-elf/bin/../libexec/gcc/xtensa-esp32s3-elf/12.2.0/collect2] ==> ignore
    arg [-plugin] ==> ignore
    arg [/home/filipe/.espressif/tools/xtensa-esp32s3-elf/esp-12.2.0_20230208/xtensa-esp32s3-elf/bin/../libexec/gcc/xtensa-esp32s3-elf/12.2.0/liblto_plugin.so] ==> ignore
    arg [-plugin-opt=/home/filipe/.espressif/tools/xtensa-esp32s3-elf/esp-12.2.0_20230208/xtensa-esp32s3-elf/bin/../libexec/gcc/xtensa-esp32s3-elf/12.2.0/lto-wrapper] ==> ignore
    arg [-plugin-opt=-fresolution=/tmp/ccKc87dw.res] ==> ignore
    arg [-plugin-opt=-pass-through=-lgcc] ==> ignore
    arg [-plugin-opt=-pass-through=-lc] ==> ignore
    arg [-plugin-opt=-pass-through=-lnosys] ==> ignore
    arg [-plugin-opt=-pass-through=-lc] ==> ignore
    arg [-plugin-opt=-pass-through=-lgcc] ==> ignore
    arg [-o] ==> ignore
    arg [cmTC_3b16d] ==> ignore
    arg [/home/filipe/.espressif/tools/xtensa-esp32s3-elf/esp-12.2.0_20230208/xtensa-esp32s3-elf/bin/../lib/gcc/xtensa-esp32s3-elf/12.2.0/../../../../xtensa-esp32s3-elf/lib/no-rtti/crt0.o] ==> obj [/home/filipe/.espressif/tools/xtensa-esp32s3-elf/esp-12.2.0_20230208/xtensa-esp32s3-elf/bin/../lib/gcc/xtensa-esp32s3-elf/12.2.0/../../../../xtensa-esp32s3-elf/lib/no-rtti/crt0.o]
    arg [/home/filipe/.espressif/tools/xtensa-esp32s3-elf/esp-12.2.0_20230208/xtensa-esp32s3-elf/bin/../lib/gcc/xtensa-esp32s3-elf/12.2.0/no-rtti/crti.o] ==> obj [/home/filipe/.espressif/tools/xtensa-esp32s3-elf/esp-12.2.0_20230208/xtensa-esp32s3-elf/bin/../lib/gcc/xtensa-esp32s3-elf/12.2.0/no-rtti/crti.o]
    arg [/home/filipe/.espressif/tools/xtensa-esp32s3-elf/esp-12.2.0_20230208/xtensa-esp32s3-elf/bin/../lib/gcc/xtensa-esp32s3-elf/12.2.0/no-rtti/crtbegin.o] ==> obj [/home/filipe/.espressif/tools/xtensa-esp32s3-elf/esp-12.2.0_20230208/xtensa-esp32s3-elf/bin/../lib/gcc/xtensa-esp32s3-elf/12.2.0/no-rtti/crtbegin.o]
    arg [-L/home/filipe/.espressif/tools/xtensa-esp32s3-elf/esp-12.2.0_20230208/xtensa-esp32s3-elf/bin/../lib/gcc/xtensa-esp32s3-elf/12.2.0/no-rtti] ==> dir [/home/filipe/.espressif/tools/xtensa-esp32s3-elf/esp-12.2.0_20230208/xtensa-esp32s3-elf/bin/../lib/gcc/xtensa-esp32s3-elf/12.2.0/no-rtti]
    arg [-L/home/filipe/.espressif/tools/xtensa-esp32s3-elf/esp-12.2.0_20230208/xtensa-esp32s3-elf/bin/../lib/gcc/xtensa-esp32s3-elf/12.2.0/../../../../xtensa-esp32s3-elf/lib/no-rtti] ==> dir [/home/filipe/.espressif/tools/xtensa-esp32s3-elf/esp-12.2.0_20230208/xtensa-esp32s3-elf/bin/../lib/gcc/xtensa-esp32s3-elf/12.2.0/../../../../xtensa-esp32s3-elf/lib/no-rtti]
    arg [-L/home/filipe/.espressif/tools/xtensa-esp32s3-elf/esp-12.2.0_20230208/xtensa-esp32s3-elf/bin/../lib/gcc/xtensa-esp32s3-elf/12.2.0] ==> dir [/home/filipe/.espressif/tools/xtensa-esp32s3-elf/esp-12.2.0_20230208/xtensa-esp32s3-elf/bin/../lib/gcc/xtensa-esp32s3-elf/12.2.0]
    arg [-L/home/filipe/.espressif/tools/xtensa-esp32s3-elf/esp-12.2.0_20230208/xtensa-esp32s3-elf/bin/../lib/gcc] ==> dir [/home/filipe/.espressif/tools/xtensa-esp32s3-elf/esp-12.2.0_20230208/xtensa-esp32s3-elf/bin/../lib/gcc]
    arg [-L/home/filipe/.espressif/tools/xtensa-esp32s3-elf/esp-12.2.0_20230208/xtensa-esp32s3-elf/bin/../lib/gcc/xtensa-esp32s3-elf/12.2.0/../../../../xtensa-esp32s3-elf/lib] ==> dir [/home/filipe/.espressif/tools/xtensa-esp32s3-elf/esp-12.2.0_20230208/xtensa-esp32s3-elf/bin/../lib/gcc/xtensa-esp32s3-elf/12.2.0/../../../../xtensa-esp32s3-elf/lib]
    arg [CMakeFiles/cmTC_3b16d.dir/CMakeCCompilerABI.c.obj] ==> ignore
    arg [-lgcc] ==> lib [gcc]
    arg [-lc] ==> lib [c]
    arg [-lnosys] ==> lib [nosys]
    arg [-lc] ==> lib [c]
    arg [-lgcc] ==> lib [gcc]
    arg [/home/filipe/.espressif/tools/xtensa-esp32s3-elf/esp-12.2.0_20230208/xtensa-esp32s3-elf/bin/../lib/gcc/xtensa-esp32s3-elf/12.2.0/no-rtti/crtend.o] ==> obj [/home/filipe/.espressif/tools/xtensa-esp32s3-elf/esp-12.2.0_20230208/xtensa-esp32s3-elf/bin/../lib/gcc/xtensa-esp32s3-elf/12.2.0/no-rtti/crtend.o]
    arg [/home/filipe/.espressif/tools/xtensa-esp32s3-elf/esp-12.2.0_20230208/xtensa-esp32s3-elf/bin/../lib/gcc/xtensa-esp32s3-elf/12.2.0/no-rtti/crtn.o] ==> obj [/home/filipe/.espressif/tools/xtensa-esp32s3-elf/esp-12.2.0_20230208/xtensa-esp32s3-elf/bin/../lib/gcc/xtensa-esp32s3-elf/12.2.0/no-rtti/crtn.o]
  collapse obj [/home/filipe/.espressif/tools/xtensa-esp32s3-elf/esp-12.2.0_20230208/xtensa-esp32s3-elf/bin/../lib/gcc/xtensa-esp32s3-elf/12.2.0/../../../../xtensa-esp32s3-elf/lib/no-rtti/crt0.o] ==> [/home/filipe/.espressif/tools/xtensa-esp32s3-elf/esp-12.2.0_20230208/xtensa-esp32s3-elf/xtensa-esp32s3-elf/lib/no-rtti/crt0.o]
  collapse obj [/home/filipe/.espressif/tools/xtensa-esp32s3-elf/esp-12.2.0_20230208/xtensa-esp32s3-elf/bin/../lib/gcc/xtensa-esp32s3-elf/12.2.0/no-rtti/crti.o] ==> [/home/filipe/.espressif/tools/xtensa-esp32s3-elf/esp-12.2.0_20230208/xtensa-esp32s3-elf/lib/gcc/xtensa-esp32s3-elf/12.2.0/no-rtti/crti.o]
  collapse obj [/home/filipe/.espressif/tools/xtensa-esp32s3-elf/esp-12.2.0_20230208/xtensa-esp32s3-elf/bin/../lib/gcc/xtensa-esp32s3-elf/12.2.0/no-rtti/crtbegin.o] ==> [/home/filipe/.espressif/tools/xtensa-esp32s3-elf/esp-12.2.0_20230208/xtensa-esp32s3-elf/lib/gcc/xtensa-esp32s3-elf/12.2.0/no-rtti/crtbegin.o]
  collapse obj [/home/filipe/.espressif/tools/xtensa-esp32s3-elf/esp-12.2.0_20230208/xtensa-esp32s3-elf/bin/../lib/gcc/xtensa-esp32s3-elf/12.2.0/no-rtti/crtend.o] ==> [/home/filipe/.espressif/tools/xtensa-esp32s3-elf/esp-12.2.0_20230208/xtensa-esp32s3-elf/lib/gcc/xtensa-esp32s3-elf/12.2.0/no-rtti/crtend.o]
  collapse obj [/home/filipe/.espressif/tools/xtensa-esp32s3-elf/esp-12.2.0_20230208/xtensa-esp32s3-elf/bin/../lib/gcc/xtensa-esp32s3-elf/12.2.0/no-rtti/crtn.o] ==> [/home/filipe/.espressif/tools/xtensa-esp32s3-elf/esp-12.2.0_20230208/xtensa-esp32s3-elf/lib/gcc/xtensa-esp32s3-elf/12.2.0/no-rtti/crtn.o]
  collapse library dir [/home/filipe/.espressif/tools/xtensa-esp32s3-elf/esp-12.2.0_20230208/xtensa-esp32s3-elf/bin/../lib/gcc/xtensa-esp32s3-elf/12.2.0/no-rtti] ==> [/home/filipe/.espressif/tools/xtensa-esp32s3-elf/esp-12.2.0_20230208/xtensa-esp32s3-elf/lib/gcc/xtensa-esp32s3-elf/12.2.0/no-rtti]
  collapse library dir [/home/filipe/.espressif/tools/xtensa-esp32s3-elf/esp-12.2.0_20230208/xtensa-esp32s3-elf/bin/../lib/gcc/xtensa-esp32s3-elf/12.2.0/../../../../xtensa-esp32s3-elf/lib/no-rtti] ==> [/home/filipe/.espressif/tools/xtensa-esp32s3-elf/esp-12.2.0_20230208/xtensa-esp32s3-elf/xtensa-esp32s3-elf/lib/no-rtti]
  collapse library dir [/home/filipe/.espressif/tools/xtensa-esp32s3-elf/esp-12.2.0_20230208/xtensa-esp32s3-elf/bin/../lib/gcc/xtensa-esp32s3-elf/12.2.0] ==> [/home/filipe/.espressif/tools/xtensa-esp32s3-elf/esp-12.2.0_20230208/xtensa-esp32s3-elf/lib/gcc/xtensa-esp32s3-elf/12.2.0]
  collapse library dir [/home/filipe/.espressif/tools/xtensa-esp32s3-elf/esp-12.2.0_20230208/xtensa-esp32s3-elf/bin/../lib/gcc] ==> [/home/filipe/.espressif/tools/xtensa-esp32s3-elf/esp-12.2.0_20230208/xtensa-esp32s3-elf/lib/gcc]
  collapse library dir [/home/filipe/.espressif/tools/xtensa-esp32s3-elf/esp-12.2.0_20230208/xtensa-esp32s3-elf/bin/../lib/gcc/xtensa-esp32s3-elf/12.2.0/../../../../xtensa-esp32s3-elf/lib] ==> [/home/filipe/.espressif/tools/xtensa-esp32s3-elf/esp-12.2.0_20230208/xtensa-esp32s3-elf/xtensa-esp32s3-elf/lib]
  implicit libs: [gcc;c;nosys;c;gcc]
  implicit objs: [/home/filipe/.espressif/tools/xtensa-esp32s3-elf/esp-12.2.0_20230208/xtensa-esp32s3-elf/xtensa-esp32s3-elf/lib/no-rtti/crt0.o;/home/filipe/.espressif/tools/xtensa-esp32s3-elf/esp-12.2.0_20230208/xtensa-esp32s3-elf/lib/gcc/xtensa-esp32s3-elf/12.2.0/no-rtti/crti.o;/home/filipe/.espressif/tools/xtensa-esp32s3-elf/esp-12.2.0_20230208/xtensa-esp32s3-elf/lib/gcc/xtensa-esp32s3-elf/12.2.0/no-rtti/crtbegin.o;/home/filipe/.espressif/tools/xtensa-esp32s3-elf/esp-12.2.0_20230208/xtensa-esp32s3-elf/lib/gcc/xtensa-esp32s3-elf/12.2.0/no-rtti/crtend.o;/home/filipe/.espressif/tools/xtensa-esp32s3-elf/esp-12.2.0_20230208/xtensa-esp32s3-elf/lib/gcc/xtensa-esp32s3-elf/12.2.0/no-rtti/crtn.o]
  implicit dirs: [/home/filipe/.espressif/tools/xtensa-esp32s3-elf/esp-12.2.0_20230208/xtensa-esp32s3-elf/lib/gcc/xtensa-esp32s3-elf/12.2.0/no-rtti;/home/filipe/.espressif/tools/xtensa-esp32s3-elf/esp-12.2.0_20230208/xtensa-esp32s3-elf/xtensa-esp32s3-elf/lib/no-rtti;/home/filipe/.espressif/tools/xtensa-esp32s3-elf/esp-12.2.0_20230208/xtensa-esp32s3-elf/lib/gcc/xtensa-esp32s3-elf/12.2.0;/home/filipe/.espressif/tools/xtensa-esp32s3-elf/esp-12.2.0_20230208/xtensa-esp32s3-elf/lib/gcc;/home/filipe/.espressif/tools/xtensa-esp32s3-elf/esp-12.2.0_20230208/xtensa-esp32s3-elf/xtensa-esp32s3-elf/lib]
  implicit fwks: []


Detecting CXX compiler ABI info compiled with the following output:
Change Dir: /home/filipe/Projetos/TCC_4DiacForte_ESP32S3/org.eclipse.4diac.forte/bin/esp32s3/CMakeFiles/CMakeTmp

Run Build Command(s):/usr/bin/gmake -f Makefile cmTC_5ea55/fast && /usr/bin/gmake  -f CMakeFiles/cmTC_5ea55.dir/build.make CMakeFiles/cmTC_5ea55.dir/build
gmake[1]: Entering directory '/home/filipe/Projetos/TCC_4DiacForte_ESP32S3/org.eclipse.4diac.forte/bin/esp32s3/CMakeFiles/CMakeTmp'
Building CXX object CMakeFiles/cmTC_5ea55.dir/CMakeCXXCompilerABI.cpp.obj
/home/filipe/.espressif/tools/xtensa-esp32s3-elf/esp-12.2.0_20230208/xtensa-esp32s3-elf/bin/xtensa-esp32s3-elf-g++   -mlongcalls  -ffunction-sections -fdata-sections -fno-threadsafe-statics -fno-rtti -fno-exceptions -Wno-deprecated-declarations -Wno-attributes -ffunction-sections -fdata-sections -fno-threadsafe-statics -fno-rtti -fno-exceptions -Wno-deprecated-declarations -Wno-attributes    -v -o CMakeFiles/cmTC_5ea55.dir/CMakeCXXCompilerABI.cpp.obj -c /usr/share/cmake-3.22/Modules/CMakeCXXCompilerABI.cpp
Using built-in specs.
COLLECT_GCC=/home/filipe/.espressif/tools/xtensa-esp32s3-elf/esp-12.2.0_20230208/xtensa-esp32s3-elf/bin/xtensa-esp32s3-elf-g++
Target: xtensa-esp32s3-elf
Configured with: /builds/idf/crosstool-NG/.build/xtensa-esp32s3-elf/src/gcc/configure --build=x86_64-build_pc-linux-gnu --host=x86_64-build_pc-linux-gnu --target=xtensa-esp32s3-elf --prefix=/builds/idf/crosstool-NG/builds/xtensa-esp32s3-elf --exec_prefix=/builds/idf/crosstool-NG/builds/xtensa-esp32s3-elf --with-local-prefix=/builds/idf/crosstool-NG/builds/xtensa-esp32s3-elf/xtensa-esp32s3-elf --with-headers=/builds/idf/crosstool-NG/builds/xtensa-esp32s3-elf/xtensa-esp32s3-elf/include --with-newlib --enable-threads=no --disable-shared --with-pkgversion='crosstool-NG esp-12.2.0_20230208' --disable-__cxa_atexit --enable-cxx-flags=-ffunction-sections --disable-libgomp --disable-libmudflap --disable-libmpx --disable-libssp --disable-libquadmath --disable-libquadmath-support --disable-libstdcxx-verbose --with-gmp=/builds/idf/crosstool-NG/.build/xtensa-esp32s3-elf/buildtools --with-mpfr=/builds/idf/crosstool-NG/.build/xtensa-esp32s3-elf/buildtools --with-mpc=/builds/idf/crosstool-NG/.build/xtensa-esp32s3-elf/buildtools --with-isl=/builds/idf/crosstool-NG/.build/xtensa-esp32s3-elf/buildtools --enable-lto --enable-target-optspace --without-long-double-128 --disable-nls --enable-multiarch --enable-languages=c,c++ --disable-libstdcxx-verbose --enable-threads=posix --enable-gcov-custom-rtio --enable-libstdcxx-time=yes
Thread model: posix
Supported LTO compression algorithms: zlib
gcc version 12.2.0 (crosstool-NG esp-12.2.0_20230208) 
COLLECT_GCC_OPTIONS='-mlongcalls' '-ffunction-sections' '-fdata-sections' '-fno-threadsafe-statics' '-fno-rtti' '-fno-exceptions' '-Wno-deprecated-declarations' '-Wno-attributes' '-v' '-o' 'CMakeFiles/cmTC_5ea55.dir/CMakeCXXCompilerABI.cpp.obj' '-c' '-dumpdir' 'CMakeFiles/cmTC_5ea55.dir/'
 /home/filipe/.espressif/tools/xtensa-esp32s3-elf/esp-12.2.0_20230208/xtensa-esp32s3-elf/bin/../libexec/gcc/xtensa-esp32s3-elf/12.2.0/cc1plus -quiet -v -imultilib no-rtti -iprefix /home/filipe/.espressif/tools/xtensa-esp32s3-elf/esp-12.2.0_20230208/xtensa-esp32s3-elf/bin/../lib/gcc/xtensa-esp32s3-elf/12.2.0/ /usr/share/cmake-3.22/Modules/CMakeCXXCompilerABI.cpp -quiet -dumpdir CMakeFiles/cmTC_5ea55.dir/ -dumpbase CMakeCXXCompilerABI.cpp.cpp -dumpbase-ext .cpp -mlongcalls -Wno-deprecated-declarations -Wno-attributes -version -ffunction-sections -fdata-sections -fno-threadsafe-statics -fno-rtti -fno-exceptions -o /tmp/ccB2JWRZ.s
GNU C++17 (crosstool-NG esp-12.2.0_20230208) version 12.2.0 (xtensa-esp32s3-elf)
	compiled by GNU C version 4.9.2, GMP version 6.2.1, MPFR version 4.1.0, MPC version 1.2.1, isl version isl-0.24-GMP

GGC heuristics: --param ggc-min-expand=100 --param ggc-min-heapsize=131072
ignoring duplicate directory "/home/filipe/.espressif/tools/xtensa-esp32s3-elf/esp-12.2.0_20230208/xtensa-esp32s3-elf/bin/../lib/gcc/../../lib/gcc/xtensa-esp32s3-elf/12.2.0/../../../../xtensa-esp32s3-elf/include/c++/12.2.0"
ignoring duplicate directory "/home/filipe/.espressif/tools/xtensa-esp32s3-elf/esp-12.2.0_20230208/xtensa-esp32s3-elf/bin/../lib/gcc/../../lib/gcc/xtensa-esp32s3-elf/12.2.0/../../../../xtensa-esp32s3-elf/include/c++/12.2.0/xtensa-esp32s3-elf/no-rtti"
ignoring duplicate directory "/home/filipe/.espressif/tools/xtensa-esp32s3-elf/esp-12.2.0_20230208/xtensa-esp32s3-elf/bin/../lib/gcc/../../lib/gcc/xtensa-esp32s3-elf/12.2.0/../../../../xtensa-esp32s3-elf/include/c++/12.2.0/backward"
ignoring duplicate directory "/home/filipe/.espressif/tools/xtensa-esp32s3-elf/esp-12.2.0_20230208/xtensa-esp32s3-elf/bin/../lib/gcc/../../lib/gcc/xtensa-esp32s3-elf/12.2.0/include"
ignoring duplicate directory "/home/filipe/.espressif/tools/xtensa-esp32s3-elf/esp-12.2.0_20230208/xtensa-esp32s3-elf/bin/../lib/gcc/../../lib/gcc/xtensa-esp32s3-elf/12.2.0/include-fixed"
ignoring duplicate directory "/home/filipe/.espressif/tools/xtensa-esp32s3-elf/esp-12.2.0_20230208/xtensa-esp32s3-elf/bin/../lib/gcc/../../lib/gcc/xtensa-esp32s3-elf/12.2.0/../../../../xtensa-esp32s3-elf/sys-include"
ignoring duplicate directory "/home/filipe/.espressif/tools/xtensa-esp32s3-elf/esp-12.2.0_20230208/xtensa-esp32s3-elf/bin/../lib/gcc/../../lib/gcc/xtensa-esp32s3-elf/12.2.0/../../../../xtensa-esp32s3-elf/include"
#include "..." search starts here:
#include <...> search starts here:
 /home/filipe/.espressif/tools/xtensa-esp32s3-elf/esp-12.2.0_20230208/xtensa-esp32s3-elf/bin/../lib/gcc/xtensa-esp32s3-elf/12.2.0/../../../../xtensa-esp32s3-elf/include/c++/12.2.0
 /home/filipe/.espressif/tools/xtensa-esp32s3-elf/esp-12.2.0_20230208/xtensa-esp32s3-elf/bin/../lib/gcc/xtensa-esp32s3-elf/12.2.0/../../../../xtensa-esp32s3-elf/include/c++/12.2.0/xtensa-esp32s3-elf/no-rtti
 /home/filipe/.espressif/tools/xtensa-esp32s3-elf/esp-12.2.0_20230208/xtensa-esp32s3-elf/bin/../lib/gcc/xtensa-esp32s3-elf/12.2.0/../../../../xtensa-esp32s3-elf/include/c++/12.2.0/backward
 /home/filipe/.espressif/tools/xtensa-esp32s3-elf/esp-12.2.0_20230208/xtensa-esp32s3-elf/bin/../lib/gcc/xtensa-esp32s3-elf/12.2.0/include
 /home/filipe/.espressif/tools/xtensa-esp32s3-elf/esp-12.2.0_20230208/xtensa-esp32s3-elf/bin/../lib/gcc/xtensa-esp32s3-elf/12.2.0/include-fixed
 /home/filipe/.espressif/tools/xtensa-esp32s3-elf/esp-12.2.0_20230208/xtensa-esp32s3-elf/bin/../lib/gcc/xtensa-esp32s3-elf/12.2.0/../../../../xtensa-esp32s3-elf/sys-include
 /home/filipe/.espressif/tools/xtensa-esp32s3-elf/esp-12.2.0_20230208/xtensa-esp32s3-elf/bin/../lib/gcc/xtensa-esp32s3-elf/12.2.0/../../../../xtensa-esp32s3-elf/include
End of search list.
GNU C++17 (crosstool-NG esp-12.2.0_20230208) version 12.2.0 (xtensa-esp32s3-elf)
	compiled by GNU C version 4.9.2, GMP version 6.2.1, MPFR version 4.1.0, MPC version 1.2.1, isl version isl-0.24-GMP

GGC heuristics: --param ggc-min-expand=100 --param ggc-min-heapsize=131072
Compiler executable checksum: 79a1e6018e5d3fdbef5e02b3475aa2a9
COLLECT_GCC_OPTIONS='-mlongcalls' '-ffunction-sections' '-fdata-sections' '-fno-threadsafe-statics' '-fno-rtti' '-fno-exceptions' '-Wno-deprecated-declarations' '-Wno-attributes' '-v' '-o' 'CMakeFiles/cmTC_5ea55.dir/CMakeCXXCompilerABI.cpp.obj' '-c' '-dumpdir' 'CMakeFiles/cmTC_5ea55.dir/'
 /home/filipe/.espressif/tools/xtensa-esp32s3-elf/esp-12.2.0_20230208/xtensa-esp32s3-elf/bin/../lib/gcc/xtensa-esp32s3-elf/12.2.0/../../../../xtensa-esp32s3-elf/bin/as --traditional-format --longcalls -o CMakeFiles/cmTC_5ea55.dir/CMakeCXXCompilerABI.cpp.obj /tmp/ccB2JWRZ.s
COMPILER_PATH=/home/filipe/.espressif/tools/xtensa-esp32s3-elf/esp-12.2.0_20230208/xtensa-esp32s3-elf/bin/../libexec/gcc/xtensa-esp32s3-elf/12.2.0/:/home/filipe/.espressif/tools/xtensa-esp32s3-elf/esp-12.2.0_20230208/xtensa-esp32s3-elf/bin/../libexec/gcc/:/home/filipe/.espressif/tools/xtensa-esp32s3-elf/esp-12.2.0_20230208/xtensa-esp32s3-elf/bin/../lib/gcc/xtensa-esp32s3-elf/12.2.0/../../../../xtensa-esp32s3-elf/bin/
LIBRARY_PATH=/home/filipe/.espressif/tools/xtensa-esp32s3-elf/esp-12.2.0_20230208/xtensa-esp32s3-elf/bin/../lib/gcc/xtensa-esp32s3-elf/12.2.0/no-rtti/:/home/filipe/.espressif/tools/xtensa-esp32s3-elf/esp-12.2.0_20230208/xtensa-esp32s3-elf/bin/../lib/gcc/xtensa-esp32s3-elf/12.2.0/../../../../xtensa-esp32s3-elf/lib/no-rtti/:/home/filipe/.espressif/tools/xtensa-esp32s3-elf/esp-12.2.0_20230208/xtensa-esp32s3-elf/bin/../lib/gcc/xtensa-esp32s3-elf/12.2.0/:/home/filipe/.espressif/tools/xtensa-esp32s3-elf/esp-12.2.0_20230208/xtensa-esp32s3-elf/bin/../lib/gcc/:/home/filipe/.espressif/tools/xtensa-esp32s3-elf/esp-12.2.0_20230208/xtensa-esp32s3-elf/bin/../lib/gcc/xtensa-esp32s3-elf/12.2.0/../../../../xtensa-esp32s3-elf/lib/
COLLECT_GCC_OPTIONS='-mlongcalls' '-ffunction-sections' '-fdata-sections' '-fno-threadsafe-statics' '-fno-rtti' '-fno-exceptions' '-Wno-deprecated-declarations' '-Wno-attributes' '-v' '-o' 'CMakeFiles/cmTC_5ea55.dir/CMakeCXXCompilerABI.cpp.obj' '-c' '-dumpdir' 'CMakeFiles/cmTC_5ea55.dir/CMakeCXXCompilerABI.cpp.'
Linking CXX executable cmTC_5ea55
/usr/bin/cmake -E cmake_link_script CMakeFiles/cmTC_5ea55.dir/link.txt --verbose=1
/home/filipe/.espressif/tools/xtensa-esp32s3-elf/esp-12.2.0_20230208/xtensa-esp32s3-elf/bin/xtensa-esp32s3-elf-g++ -mlongcalls  -ffunction-sections -fdata-sections -fno-threadsafe-statics -fno-rtti -fno-exceptions -Wno-deprecated-declarations -Wno-attributes -ffunction-sections -fdata-sections -fno-threadsafe-statics -fno-rtti -fno-exceptions -Wno-deprecated-declarations -Wno-attributes   -v CMakeFiles/cmTC_5ea55.dir/CMakeCXXCompilerABI.cpp.obj -o cmTC_5ea55 
Using built-in specs.
COLLECT_GCC=/home/filipe/.espressif/tools/xtensa-esp32s3-elf/esp-12.2.0_20230208/xtensa-esp32s3-elf/bin/xtensa-esp32s3-elf-g++
COLLECT_LTO_WRAPPER=/home/filipe/.espressif/tools/xtensa-esp32s3-elf/esp-12.2.0_20230208/xtensa-esp32s3-elf/bin/../libexec/gcc/xtensa-esp32s3-elf/12.2.0/lto-wrapper
Target: xtensa-esp32s3-elf
Configured with: /builds/idf/crosstool-NG/.build/xtensa-esp32s3-elf/src/gcc/configure --build=x86_64-build_pc-linux-gnu --host=x86_64-build_pc-linux-gnu --target=xtensa-esp32s3-elf --prefix=/builds/idf/crosstool-NG/builds/xtensa-esp32s3-elf --exec_prefix=/builds/idf/crosstool-NG/builds/xtensa-esp32s3-elf --with-local-prefix=/builds/idf/crosstool-NG/builds/xtensa-esp32s3-elf/xtensa-esp32s3-elf --with-headers=/builds/idf/crosstool-NG/builds/xtensa-esp32s3-elf/xtensa-esp32s3-elf/include --with-newlib --enable-threads=no --disable-shared --with-pkgversion='crosstool-NG esp-12.2.0_20230208' --disable-__cxa_atexit --enable-cxx-flags=-ffunction-sections --disable-libgomp --disable-libmudflap --disable-libmpx --disable-libssp --disable-libquadmath --disable-libquadmath-support --disable-libstdcxx-verbose --with-gmp=/builds/idf/crosstool-NG/.build/xtensa-esp32s3-elf/buildtools --with-mpfr=/builds/idf/crosstool-NG/.build/xtensa-esp32s3-elf/buildtools --with-mpc=/builds/idf/crosstool-NG/.build/xtensa-esp32s3-elf/buildtools --with-isl=/builds/idf/crosstool-NG/.build/xtensa-esp32s3-elf/buildtools --enable-lto --enable-target-optspace --without-long-double-128 --disable-nls --enable-multiarch --enable-languages=c,c++ --disable-libstdcxx-verbose --enable-threads=posix --enable-gcov-custom-rtio --enable-libstdcxx-time=yes
Thread model: posix
Supported LTO compression algorithms: zlib
gcc version 12.2.0 (crosstool-NG esp-12.2.0_20230208) 
COMPILER_PATH=/home/filipe/.espressif/tools/xtensa-esp32s3-elf/esp-12.2.0_20230208/xtensa-esp32s3-elf/bin/../libexec/gcc/xtensa-esp32s3-elf/12.2.0/:/home/filipe/.espressif/tools/xtensa-esp32s3-elf/esp-12.2.0_20230208/xtensa-esp32s3-elf/bin/../libexec/gcc/:/home/filipe/.espressif/tools/xtensa-esp32s3-elf/esp-12.2.0_20230208/xtensa-esp32s3-elf/bin/../lib/gcc/xtensa-esp32s3-elf/12.2.0/../../../../xtensa-esp32s3-elf/bin/
LIBRARY_PATH=/home/filipe/.espressif/tools/xtensa-esp32s3-elf/esp-12.2.0_20230208/xtensa-esp32s3-elf/bin/../lib/gcc/xtensa-esp32s3-elf/12.2.0/no-rtti/:/home/filipe/.espressif/tools/xtensa-esp32s3-elf/esp-12.2.0_20230208/xtensa-esp32s3-elf/bin/../lib/gcc/xtensa-esp32s3-elf/12.2.0/../../../../xtensa-esp32s3-elf/lib/no-rtti/:/home/filipe/.espressif/tools/xtensa-esp32s3-elf/esp-12.2.0_20230208/xtensa-esp32s3-elf/bin/../lib/gcc/xtensa-esp32s3-elf/12.2.0/:/home/filipe/.espressif/tools/xtensa-esp32s3-elf/esp-12.2.0_20230208/xtensa-esp32s3-elf/bin/../lib/gcc/:/home/filipe/.espressif/tools/xtensa-esp32s3-elf/esp-12.2.0_20230208/xtensa-esp32s3-elf/bin/../lib/gcc/xtensa-esp32s3-elf/12.2.0/../../../../xtensa-esp32s3-elf/lib/
COLLECT_GCC_OPTIONS='-mlongcalls' '-ffunction-sections' '-fdata-sections' '-fno-threadsafe-statics' '-fno-rtti' '-fno-exceptions' '-Wno-deprecated-declarations' '-Wno-attributes' '-v' '-o' 'cmTC_5ea55' '-dumpdir' 'cmTC_5ea55.'
 /home/filipe/.espressif/tools/xtensa-esp32s3-elf/esp-12.2.0_20230208/xtensa-esp32s3-elf/bin/../libexec/gcc/xtensa-esp32s3-elf/12.2.0/collect2 -plugin /home/filipe/.espressif/tools/xtensa-esp32s3-elf/esp-12.2.0_20230208/xtensa-esp32s3-elf/bin/../libexec/gcc/xtensa-esp32s3-elf/12.2.0/liblto_plugin.so -plugin-opt=/home/filipe/.espressif/tools/xtensa-esp32s3-elf/esp-12.2.0_20230208/xtensa-esp32s3-elf/bin/../libexec/gcc/xtensa-esp32s3-elf/12.2.0/lto-wrapper -plugin-opt=-fresolution=/tmp/ccJ2hSpp.res -plugin-opt=-pass-through=-lgcc -plugin-opt=-pass-through=-lc -plugin-opt=-pass-through=-lnosys -plugin-opt=-pass-through=-lc -plugin-opt=-pass-through=-lgcc -o cmTC_5ea55 /home/filipe/.espressif/tools/xtensa-esp32s3-elf/esp-12.2.0_20230208/xtensa-esp32s3-elf/bin/../lib/gcc/xtensa-esp32s3-elf/12.2.0/../../../../xtensa-esp32s3-elf/lib/no-rtti/crt0.o /home/filipe/.espressif/tools/xtensa-esp32s3-elf/esp-12.2.0_20230208/xtensa-esp32s3-elf/bin/../lib/gcc/xtensa-esp32s3-elf/12.2.0/no-rtti/crti.o /home/filipe/.espressif/tools/xtensa-esp32s3-elf/esp-12.2.0_20230208/xtensa-esp32s3-elf/bin/../lib/gcc/xtensa-esp32s3-elf/12.2.0/no-rtti/crtbegin.o -L/home/filipe/.espressif/tools/xtensa-esp32s3-elf/esp-12.2.0_20230208/xtensa-esp32s3-elf/bin/../lib/gcc/xtensa-esp32s3-elf/12.2.0/no-rtti -L/home/filipe/.espressif/tools/xtensa-esp32s3-elf/esp-12.2.0_20230208/xtensa-esp32s3-elf/bin/../lib/gcc/xtensa-esp32s3-elf/12.2.0/../../../../xtensa-esp32s3-elf/lib/no-rtti -L/home/filipe/.espressif/tools/xtensa-esp32s3-elf/esp-12.2.0_20230208/xtensa-esp32s3-elf/bin/../lib/gcc/xtensa-esp32s3-elf/12.2.0 -L/home/filipe/.espressif/tools/xtensa-esp32s3-elf/esp-12.2.0_20230208/xtensa-esp32s3-elf/bin/../lib/gcc -L/home/filipe/.espressif/tools/xtensa-esp32s3-elf/esp-12.2.0_20230208/xtensa-esp32s3-elf/bin/../lib/gcc/xtensa-esp32s3-elf/12.2.0/../../../../xtensa-esp32s3-elf/lib CMakeFiles/cmTC_5ea55.dir/CMakeCXXCompilerABI.cpp.obj -lstdc++ -lm -lgcc -lc -lnosys -lc -lgcc /home/filipe/.espressif/tools/xtensa-esp32s3-elf/esp-12.2.0_20230208/xtensa-esp32s3-elf/bin/../lib/gcc/xtensa-esp32s3-elf/12.2.0/no-rtti/crtend.o /home/filipe/.espressif/tools/xtensa-esp32s3-elf/esp-12.2.0_20230208/xtensa-esp32s3-elf/bin/../lib/gcc/xtensa-esp32s3-elf/12.2.0/no-rtti/crtn.o
COLLECT_GCC_OPTIONS='-mlongcalls' '-ffunction-sections' '-fdata-sections' '-fno-threadsafe-statics' '-fno-rtti' '-fno-exceptions' '-Wno-deprecated-declarations' '-Wno-attributes' '-v' '-o' 'cmTC_5ea55' '-dumpdir' 'cmTC_5ea55.'
gmake[1]: Leaving directory '/home/filipe/Projetos/TCC_4DiacForte_ESP32S3/org.eclipse.4diac.forte/bin/esp32s3/CMakeFiles/CMakeTmp'



Parsed CXX implicit include dir info from above output: rv=done
  found start of include info
  found start of implicit include info
    add: [/home/filipe/.espressif/tools/xtensa-esp32s3-elf/esp-12.2.0_20230208/xtensa-esp32s3-elf/bin/../lib/gcc/xtensa-esp32s3-elf/12.2.0/../../../../xtensa-esp32s3-elf/include/c++/12.2.0]
    add: [/home/filipe/.espressif/tools/xtensa-esp32s3-elf/esp-12.2.0_20230208/xtensa-esp32s3-elf/bin/../lib/gcc/xtensa-esp32s3-elf/12.2.0/../../../../xtensa-esp32s3-elf/include/c++/12.2.0/xtensa-esp32s3-elf/no-rtti]
    add: [/home/filipe/.espressif/tools/xtensa-esp32s3-elf/esp-12.2.0_20230208/xtensa-esp32s3-elf/bin/../lib/gcc/xtensa-esp32s3-elf/12.2.0/../../../../xtensa-esp32s3-elf/include/c++/12.2.0/backward]
    add: [/home/filipe/.espressif/tools/xtensa-esp32s3-elf/esp-12.2.0_20230208/xtensa-esp32s3-elf/bin/../lib/gcc/xtensa-esp32s3-elf/12.2.0/include]
    add: [/home/filipe/.espressif/tools/xtensa-esp32s3-elf/esp-12.2.0_20230208/xtensa-esp32s3-elf/bin/../lib/gcc/xtensa-esp32s3-elf/12.2.0/include-fixed]
    add: [/home/filipe/.espressif/tools/xtensa-esp32s3-elf/esp-12.2.0_20230208/xtensa-esp32s3-elf/bin/../lib/gcc/xtensa-esp32s3-elf/12.2.0/../../../../xtensa-esp32s3-elf/sys-include]
    add: [/home/filipe/.espressif/tools/xtensa-esp32s3-elf/esp-12.2.0_20230208/xtensa-esp32s3-elf/bin/../lib/gcc/xtensa-esp32s3-elf/12.2.0/../../../../xtensa-esp32s3-elf/include]
  end of search list found
  collapse include dir [/home/filipe/.espressif/tools/xtensa-esp32s3-elf/esp-12.2.0_20230208/xtensa-esp32s3-elf/bin/../lib/gcc/xtensa-esp32s3-elf/12.2.0/../../../../xtensa-esp32s3-elf/include/c++/12.2.0] ==> [/home/filipe/.espressif/tools/xtensa-esp32s3-elf/esp-12.2.0_20230208/xtensa-esp32s3-elf/xtensa-esp32s3-elf/include/c++/12.2.0]
  collapse include dir [/home/filipe/.espressif/tools/xtensa-esp32s3-elf/esp-12.2.0_20230208/xtensa-esp32s3-elf/bin/../lib/gcc/xtensa-esp32s3-elf/12.2.0/../../../../xtensa-esp32s3-elf/include/c++/12.2.0/xtensa-esp32s3-elf/no-rtti] ==> [/home/filipe/.espressif/tools/xtensa-esp32s3-elf/esp-12.2.0_20230208/xtensa-esp32s3-elf/xtensa-esp32s3-elf/include/c++/12.2.0/xtensa-esp32s3-elf/no-rtti]
  collapse include dir [/home/filipe/.espressif/tools/xtensa-esp32s3-elf/esp-12.2.0_20230208/xtensa-esp32s3-elf/bin/../lib/gcc/xtensa-esp32s3-elf/12.2.0/../../../../xtensa-esp32s3-elf/include/c++/12.2.0/backward] ==> [/home/filipe/.espressif/tools/xtensa-esp32s3-elf/esp-12.2.0_20230208/xtensa-esp32s3-elf/xtensa-esp32s3-elf/include/c++/12.2.0/backward]
  collapse include dir [/home/filipe/.espressif/tools/xtensa-esp32s3-elf/esp-12.2.0_20230208/xtensa-esp32s3-elf/bin/../lib/gcc/xtensa-esp32s3-elf/12.2.0/include] ==> [/home/filipe/.espressif/tools/xtensa-esp32s3-elf/esp-12.2.0_20230208/xtensa-esp32s3-elf/lib/gcc/xtensa-esp32s3-elf/12.2.0/include]
  collapse include dir [/home/filipe/.espressif/tools/xtensa-esp32s3-elf/esp-12.2.0_20230208/xtensa-esp32s3-elf/bin/../lib/gcc/xtensa-esp32s3-elf/12.2.0/include-fixed] ==> [/home/filipe/.espressif/tools/xtensa-esp32s3-elf/esp-12.2.0_20230208/xtensa-esp32s3-elf/lib/gcc/xtensa-esp32s3-elf/12.2.0/include-fixed]
  collapse include dir [/home/filipe/.espressif/tools/xtensa-esp32s3-elf/esp-12.2.0_20230208/xtensa-esp32s3-elf/bin/../lib/gcc/xtensa-esp32s3-elf/12.2.0/../../../../xtensa-esp32s3-elf/sys-include] ==> [/home/filipe/.espressif/tools/xtensa-esp32s3-elf/esp-12.2.0_20230208/xtensa-esp32s3-elf/xtensa-esp32s3-elf/sys-include]
  collapse include dir [/home/filipe/.espressif/tools/xtensa-esp32s3-elf/esp-12.2.0_20230208/xtensa-esp32s3-elf/bin/../lib/gcc/xtensa-esp32s3-elf/12.2.0/../../../../xtensa-esp32s3-elf/include] ==> [/home/filipe/.espressif/tools/xtensa-esp32s3-elf/esp-12.2.0_20230208/xtensa-esp32s3-elf/xtensa-esp32s3-elf/include]
  implicit include dirs: [/home/filipe/.espressif/tools/xtensa-esp32s3-elf/esp-12.2.0_20230208/xtensa-esp32s3-elf/xtensa-esp32s3-elf/include/c++/12.2.0;/home/filipe/.espressif/tools/xtensa-esp32s3-elf/esp-12.2.0_20230208/xtensa-esp32s3-elf/xtensa-esp32s3-elf/include/c++/12.2.0/xtensa-esp32s3-elf/no-rtti;/home/filipe/.espressif/tools/xtensa-esp32s3-elf/esp-12.2.0_20230208/xtensa-esp32s3-elf/xtensa-esp32s3-elf/include/c++/12.2.0/backward;/home/filipe/.espressif/tools/xtensa-esp32s3-elf/esp-12.2.0_20230208/xtensa-esp32s3-elf/lib/gcc/xtensa-esp32s3-elf/12.2.0/include;/home/filipe/.espressif/tools/xtensa-esp32s3-elf/esp-12.2.0_20230208/xtensa-esp32s3-elf/lib/gcc/xtensa-esp32s3-elf/12.2.0/include-fixed;/home/filipe/.espressif/tools/xtensa-esp32s3-elf/esp-12.2.0_20230208/xtensa-esp32s3-elf/xtensa-esp32s3-elf/sys-include;/home/filipe/.espressif/tools/xtensa-esp32s3-elf/esp-12.2.0_20230208/xtensa-esp32s3-elf/xtensa-esp32s3-elf/include]


Parsed CXX implicit link information from above output:
  link line regex: [^( *|.*[/\])(xtensa-esp32s3-elf-ld|CMAKE_LINK_STARTFILE-NOTFOUND|([^/\]+-)?ld|collect2)[^/\]*( |$)]
  ignore line: [Change Dir: /home/filipe/Projetos/TCC_4DiacForte_ESP32S3/org.eclipse.4diac.forte/bin/esp32s3/CMakeFiles/CMakeTmp]
  ignore line: []
  ignore line: [Run Build Command(s):/usr/bin/gmake -f Makefile cmTC_5ea55/fast && /usr/bin/gmake  -f CMakeFiles/cmTC_5ea55.dir/build.make CMakeFiles/cmTC_5ea55.dir/build]
  ignore line: [gmake[1]: Entering directory '/home/filipe/Projetos/TCC_4DiacForte_ESP32S3/org.eclipse.4diac.forte/bin/esp32s3/CMakeFiles/CMakeTmp']
  ignore line: [Building CXX object CMakeFiles/cmTC_5ea55.dir/CMakeCXXCompilerABI.cpp.obj]
  ignore line: [/home/filipe/.espressif/tools/xtensa-esp32s3-elf/esp-12.2.0_20230208/xtensa-esp32s3-elf/bin/xtensa-esp32s3-elf-g++   -mlongcalls  -ffunction-sections -fdata-sections -fno-threadsafe-statics -fno-rtti -fno-exceptions -Wno-deprecated-declarations -Wno-attributes -ffunction-sections -fdata-sections -fno-threadsafe-statics -fno-rtti -fno-exceptions -Wno-deprecated-declarations -Wno-attributes    -v -o CMakeFiles/cmTC_5ea55.dir/CMakeCXXCompilerABI.cpp.obj -c /usr/share/cmake-3.22/Modules/CMakeCXXCompilerABI.cpp]
  ignore line: [Using built-in specs.]
  ignore line: [COLLECT_GCC=/home/filipe/.espressif/tools/xtensa-esp32s3-elf/esp-12.2.0_20230208/xtensa-esp32s3-elf/bin/xtensa-esp32s3-elf-g++]
  ignore line: [Target: xtensa-esp32s3-elf]
  ignore line: [Configured with: /builds/idf/crosstool-NG/.build/xtensa-esp32s3-elf/src/gcc/configure --build=x86_64-build_pc-linux-gnu --host=x86_64-build_pc-linux-gnu --target=xtensa-esp32s3-elf --prefix=/builds/idf/crosstool-NG/builds/xtensa-esp32s3-elf --exec_prefix=/builds/idf/crosstool-NG/builds/xtensa-esp32s3-elf --with-local-prefix=/builds/idf/crosstool-NG/builds/xtensa-esp32s3-elf/xtensa-esp32s3-elf --with-headers=/builds/idf/crosstool-NG/builds/xtensa-esp32s3-elf/xtensa-esp32s3-elf/include --with-newlib --enable-threads=no --disable-shared --with-pkgversion='crosstool-NG esp-12.2.0_20230208' --disable-__cxa_atexit --enable-cxx-flags=-ffunction-sections --disable-libgomp --disable-libmudflap --disable-libmpx --disable-libssp --disable-libquadmath --disable-libquadmath-support --disable-libstdcxx-verbose --with-gmp=/builds/idf/crosstool-NG/.build/xtensa-esp32s3-elf/buildtools --with-mpfr=/builds/idf/crosstool-NG/.build/xtensa-esp32s3-elf/buildtools --with-mpc=/builds/idf/crosstool-NG/.build/xtensa-esp32s3-elf/buildtools --with-isl=/builds/idf/crosstool-NG/.build/xtensa-esp32s3-elf/buildtools --enable-lto --enable-target-optspace --without-long-double-128 --disable-nls --enable-multiarch --enable-languages=c c++ --disable-libstdcxx-verbose --enable-threads=posix --enable-gcov-custom-rtio --enable-libstdcxx-time=yes]
  ignore line: [Thread model: posix]
  ignore line: [Supported LTO compression algorithms: zlib]
  ignore line: [gcc version 12.2.0 (crosstool-NG esp-12.2.0_20230208) ]
  ignore line: [COLLECT_GCC_OPTIONS='-mlongcalls' '-ffunction-sections' '-fdata-sections' '-fno-threadsafe-statics' '-fno-rtti' '-fno-exceptions' '-Wno-deprecated-declarations' '-Wno-attributes' '-v' '-o' 'CMakeFiles/cmTC_5ea55.dir/CMakeCXXCompilerABI.cpp.obj' '-c' '-dumpdir' 'CMakeFiles/cmTC_5ea55.dir/']
  ignore line: [ /home/filipe/.espressif/tools/xtensa-esp32s3-elf/esp-12.2.0_20230208/xtensa-esp32s3-elf/bin/../libexec/gcc/xtensa-esp32s3-elf/12.2.0/cc1plus -quiet -v -imultilib no-rtti -iprefix /home/filipe/.espressif/tools/xtensa-esp32s3-elf/esp-12.2.0_20230208/xtensa-esp32s3-elf/bin/../lib/gcc/xtensa-esp32s3-elf/12.2.0/ /usr/share/cmake-3.22/Modules/CMakeCXXCompilerABI.cpp -quiet -dumpdir CMakeFiles/cmTC_5ea55.dir/ -dumpbase CMakeCXXCompilerABI.cpp.cpp -dumpbase-ext .cpp -mlongcalls -Wno-deprecated-declarations -Wno-attributes -version -ffunction-sections -fdata-sections -fno-threadsafe-statics -fno-rtti -fno-exceptions -o /tmp/ccB2JWRZ.s]
  ignore line: [GNU C++17 (crosstool-NG esp-12.2.0_20230208) version 12.2.0 (xtensa-esp32s3-elf)]
  ignore line: [	compiled by GNU C version 4.9.2  GMP version 6.2.1  MPFR version 4.1.0  MPC version 1.2.1  isl version isl-0.24-GMP]
  ignore line: []
  ignore line: [GGC heuristics: --param ggc-min-expand=100 --param ggc-min-heapsize=131072]
  ignore line: [ignoring duplicate directory "/home/filipe/.espressif/tools/xtensa-esp32s3-elf/esp-12.2.0_20230208/xtensa-esp32s3-elf/bin/../lib/gcc/../../lib/gcc/xtensa-esp32s3-elf/12.2.0/../../../../xtensa-esp32s3-elf/include/c++/12.2.0"]
  ignore line: [ignoring duplicate directory "/home/filipe/.espressif/tools/xtensa-esp32s3-elf/esp-12.2.0_20230208/xtensa-esp32s3-elf/bin/../lib/gcc/../../lib/gcc/xtensa-esp32s3-elf/12.2.0/../../../../xtensa-esp32s3-elf/include/c++/12.2.0/xtensa-esp32s3-elf/no-rtti"]
  ignore line: [ignoring duplicate directory "/home/filipe/.espressif/tools/xtensa-esp32s3-elf/esp-12.2.0_20230208/xtensa-esp32s3-elf/bin/../lib/gcc/../../lib/gcc/xtensa-esp32s3-elf/12.2.0/../../../../xtensa-esp32s3-elf/include/c++/12.2.0/backward"]
  ignore line: [ignoring duplicate directory "/home/filipe/.espressif/tools/xtensa-esp32s3-elf/esp-12.2.0_20230208/xtensa-esp32s3-elf/bin/../lib/gcc/../../lib/gcc/xtensa-esp32s3-elf/12.2.0/include"]
  ignore line: [ignoring duplicate directory "/home/filipe/.espressif/tools/xtensa-esp32s3-elf/esp-12.2.0_20230208/xtensa-esp32s3-elf/bin/../lib/gcc/../../lib/gcc/xtensa-esp32s3-elf/12.2.0/include-fixed"]
  ignore line: [ignoring duplicate directory "/home/filipe/.espressif/tools/xtensa-esp32s3-elf/esp-12.2.0_20230208/xtensa-esp32s3-elf/bin/../lib/gcc/../../lib/gcc/xtensa-esp32s3-elf/12.2.0/../../../../xtensa-esp32s3-elf/sys-include"]
  ignore line: [ignoring duplicate directory "/home/filipe/.espressif/tools/xtensa-esp32s3-elf/esp-12.2.0_20230208/xtensa-esp32s3-elf/bin/../lib/gcc/../../lib/gcc/xtensa-esp32s3-elf/12.2.0/../../../../xtensa-esp32s3-elf/include"]
  ignore line: [#include "..." search starts here:]
  ignore line: [#include <...> search starts here:]
  ignore line: [ /home/filipe/.espressif/tools/xtensa-esp32s3-elf/esp-12.2.0_20230208/xtensa-esp32s3-elf/bin/../lib/gcc/xtensa-esp32s3-elf/12.2.0/../../../../xtensa-esp32s3-elf/include/c++/12.2.0]
  ignore line: [ /home/filipe/.espressif/tools/xtensa-esp32s3-elf/esp-12.2.0_20230208/xtensa-esp32s3-elf/bin/../lib/gcc/xtensa-esp32s3-elf/12.2.0/../../../../xtensa-esp32s3-elf/include/c++/12.2.0/xtensa-esp32s3-elf/no-rtti]
  ignore line: [ /home/filipe/.espressif/tools/xtensa-esp32s3-elf/esp-12.2.0_20230208/xtensa-esp32s3-elf/bin/../lib/gcc/xtensa-esp32s3-elf/12.2.0/../../../../xtensa-esp32s3-elf/include/c++/12.2.0/backward]
  ignore line: [ /home/filipe/.espressif/tools/xtensa-esp32s3-elf/esp-12.2.0_20230208/xtensa-esp32s3-elf/bin/../lib/gcc/xtensa-esp32s3-elf/12.2.0/include]
  ignore line: [ /home/filipe/.espressif/tools/xtensa-esp32s3-elf/esp-12.2.0_20230208/xtensa-esp32s3-elf/bin/../lib/gcc/xtensa-esp32s3-elf/12.2.0/include-fixed]
  ignore line: [ /home/filipe/.espressif/tools/xtensa-esp32s3-elf/esp-12.2.0_20230208/xtensa-esp32s3-elf/bin/../lib/gcc/xtensa-esp32s3-elf/12.2.0/../../../../xtensa-esp32s3-elf/sys-include]
  ignore line: [ /home/filipe/.espressif/tools/xtensa-esp32s3-elf/esp-12.2.0_20230208/xtensa-esp32s3-elf/bin/../lib/gcc/xtensa-esp32s3-elf/12.2.0/../../../../xtensa-esp32s3-elf/include]
  ignore line: [End of search list.]
  ignore line: [GNU C++17 (crosstool-NG esp-12.2.0_20230208) version 12.2.0 (xtensa-esp32s3-elf)]
  ignore line: [	compiled by GNU C version 4.9.2  GMP version 6.2.1  MPFR version 4.1.0  MPC version 1.2.1  isl version isl-0.24-GMP]
  ignore line: []
  ignore line: [GGC heuristics: --param ggc-min-expand=100 --param ggc-min-heapsize=131072]
  ignore line: [Compiler executable checksum: 79a1e6018e5d3fdbef5e02b3475aa2a9]
  ignore line: [COLLECT_GCC_OPTIONS='-mlongcalls' '-ffunction-sections' '-fdata-sections' '-fno-threadsafe-statics' '-fno-rtti' '-fno-exceptions' '-Wno-deprecated-declarations' '-Wno-attributes' '-v' '-o' 'CMakeFiles/cmTC_5ea55.dir/CMakeCXXCompilerABI.cpp.obj' '-c' '-dumpdir' 'CMakeFiles/cmTC_5ea55.dir/']
  ignore line: [ /home/filipe/.espressif/tools/xtensa-esp32s3-elf/esp-12.2.0_20230208/xtensa-esp32s3-elf/bin/../lib/gcc/xtensa-esp32s3-elf/12.2.0/../../../../xtensa-esp32s3-elf/bin/as --traditional-format --longcalls -o CMakeFiles/cmTC_5ea55.dir/CMakeCXXCompilerABI.cpp.obj /tmp/ccB2JWRZ.s]
  ignore line: [COMPILER_PATH=/home/filipe/.espressif/tools/xtensa-esp32s3-elf/esp-12.2.0_20230208/xtensa-esp32s3-elf/bin/../libexec/gcc/xtensa-esp32s3-elf/12.2.0/:/home/filipe/.espressif/tools/xtensa-esp32s3-elf/esp-12.2.0_20230208/xtensa-esp32s3-elf/bin/../libexec/gcc/:/home/filipe/.espressif/tools/xtensa-esp32s3-elf/esp-12.2.0_20230208/xtensa-esp32s3-elf/bin/../lib/gcc/xtensa-esp32s3-elf/12.2.0/../../../../xtensa-esp32s3-elf/bin/]
  ignore line: [LIBRARY_PATH=/home/filipe/.espressif/tools/xtensa-esp32s3-elf/esp-12.2.0_20230208/xtensa-esp32s3-elf/bin/../lib/gcc/xtensa-esp32s3-elf/12.2.0/no-rtti/:/home/filipe/.espressif/tools/xtensa-esp32s3-elf/esp-12.2.0_20230208/xtensa-esp32s3-elf/bin/../lib/gcc/xtensa-esp32s3-elf/12.2.0/../../../../xtensa-esp32s3-elf/lib/no-rtti/:/home/filipe/.espressif/tools/xtensa-esp32s3-elf/esp-12.2.0_20230208/xtensa-esp32s3-elf/bin/../lib/gcc/xtensa-esp32s3-elf/12.2.0/:/home/filipe/.espressif/tools/xtensa-esp32s3-elf/esp-12.2.0_20230208/xtensa-esp32s3-elf/bin/../lib/gcc/:/home/filipe/.espressif/tools/xtensa-esp32s3-elf/esp-12.2.0_20230208/xtensa-esp32s3-elf/bin/../lib/gcc/xtensa-esp32s3-elf/12.2.0/../../../../xtensa-esp32s3-elf/lib/]
  ignore line: [COLLECT_GCC_OPTIONS='-mlongcalls' '-ffunction-sections' '-fdata-sections' '-fno-threadsafe-statics' '-fno-rtti' '-fno-exceptions' '-Wno-deprecated-declarations' '-Wno-attributes' '-v' '-o' 'CMakeFiles/cmTC_5ea55.dir/CMakeCXXCompilerABI.cpp.obj' '-c' '-dumpdir' 'CMakeFiles/cmTC_5ea55.dir/CMakeCXXCompilerABI.cpp.']
  ignore line: [Linking CXX executable cmTC_5ea55]
  ignore line: [/usr/bin/cmake -E cmake_link_script CMakeFiles/cmTC_5ea55.dir/link.txt --verbose=1]
  ignore line: [/home/filipe/.espressif/tools/xtensa-esp32s3-elf/esp-12.2.0_20230208/xtensa-esp32s3-elf/bin/xtensa-esp32s3-elf-g++ -mlongcalls  -ffunction-sections -fdata-sections -fno-threadsafe-statics -fno-rtti -fno-exceptions -Wno-deprecated-declarations -Wno-attributes -ffunction-sections -fdata-sections -fno-threadsafe-statics -fno-rtti -fno-exceptions -Wno-deprecated-declarations -Wno-attributes   -v CMakeFiles/cmTC_5ea55.dir/CMakeCXXCompilerABI.cpp.obj -o cmTC_5ea55 ]
  ignore line: [Using built-in specs.]
  ignore line: [COLLECT_GCC=/home/filipe/.espressif/tools/xtensa-esp32s3-elf/esp-12.2.0_20230208/xtensa-esp32s3-elf/bin/xtensa-esp32s3-elf-g++]
  ignore line: [COLLECT_LTO_WRAPPER=/home/filipe/.espressif/tools/xtensa-esp32s3-elf/esp-12.2.0_20230208/xtensa-esp32s3-elf/bin/../libexec/gcc/xtensa-esp32s3-elf/12.2.0/lto-wrapper]
  ignore line: [Target: xtensa-esp32s3-elf]
  ignore line: [Configured with: /builds/idf/crosstool-NG/.build/xtensa-esp32s3-elf/src/gcc/configure --build=x86_64-build_pc-linux-gnu --host=x86_64-build_pc-linux-gnu --target=xtensa-esp32s3-elf --prefix=/builds/idf/crosstool-NG/builds/xtensa-esp32s3-elf --exec_prefix=/builds/idf/crosstool-NG/builds/xtensa-esp32s3-elf --with-local-prefix=/builds/idf/crosstool-NG/builds/xtensa-esp32s3-elf/xtensa-esp32s3-elf --with-headers=/builds/idf/crosstool-NG/builds/xtensa-esp32s3-elf/xtensa-esp32s3-elf/include --with-newlib --enable-threads=no --disable-shared --with-pkgversion='crosstool-NG esp-12.2.0_20230208' --disable-__cxa_atexit --enable-cxx-flags=-ffunction-sections --disable-libgomp --disable-libmudflap --disable-libmpx --disable-libssp --disable-libquadmath --disable-libquadmath-support --disable-libstdcxx-verbose --with-gmp=/builds/idf/crosstool-NG/.build/xtensa-esp32s3-elf/buildtools --with-mpfr=/builds/idf/crosstool-NG/.build/xtensa-esp32s3-elf/buildtools --with-mpc=/builds/idf/crosstool-NG/.build/xtensa-esp32s3-elf/buildtools --with-isl=/builds/idf/crosstool-NG/.build/xtensa-esp32s3-elf/buildtools --enable-lto --enable-target-optspace --without-long-double-128 --disable-nls --enable-multiarch --enable-languages=c c++ --disable-libstdcxx-verbose --enable-threads=posix --enable-gcov-custom-rtio --enable-libstdcxx-time=yes]
  ignore line: [Thread model: posix]
  ignore line: [Supported LTO compression algorithms: zlib]
  ignore line: [gcc version 12.2.0 (crosstool-NG esp-12.2.0_20230208) ]
  ignore line: [COMPILER_PATH=/home/filipe/.espressif/tools/xtensa-esp32s3-elf/esp-12.2.0_20230208/xtensa-esp32s3-elf/bin/../libexec/gcc/xtensa-esp32s3-elf/12.2.0/:/home/filipe/.espressif/tools/xtensa-esp32s3-elf/esp-12.2.0_20230208/xtensa-esp32s3-elf/bin/../libexec/gcc/:/home/filipe/.espressif/tools/xtensa-esp32s3-elf/esp-12.2.0_20230208/xtensa-esp32s3-elf/bin/../lib/gcc/xtensa-esp32s3-elf/12.2.0/../../../../xtensa-esp32s3-elf/bin/]
  ignore line: [LIBRARY_PATH=/home/filipe/.espressif/tools/xtensa-esp32s3-elf/esp-12.2.0_20230208/xtensa-esp32s3-elf/bin/../lib/gcc/xtensa-esp32s3-elf/12.2.0/no-rtti/:/home/filipe/.espressif/tools/xtensa-esp32s3-elf/esp-12.2.0_20230208/xtensa-esp32s3-elf/bin/../lib/gcc/xtensa-esp32s3-elf/12.2.0/../../../../xtensa-esp32s3-elf/lib/no-rtti/:/home/filipe/.espressif/tools/xtensa-esp32s3-elf/esp-12.2.0_20230208/xtensa-esp32s3-elf/bin/../lib/gcc/xtensa-esp32s3-elf/12.2.0/:/home/filipe/.espressif/tools/xtensa-esp32s3-elf/esp-12.2.0_20230208/xtensa-esp32s3-elf/bin/../lib/gcc/:/home/filipe/.espressif/tools/xtensa-esp32s3-elf/esp-12.2.0_20230208/xtensa-esp32s3-elf/bin/../lib/gcc/xtensa-esp32s3-elf/12.2.0/../../../../xtensa-esp32s3-elf/lib/]
  ignore line: [COLLECT_GCC_OPTIONS='-mlongcalls' '-ffunction-sections' '-fdata-sections' '-fno-threadsafe-statics' '-fno-rtti' '-fno-exceptions' '-Wno-deprecated-declarations' '-Wno-attributes' '-v' '-o' 'cmTC_5ea55' '-dumpdir' 'cmTC_5ea55.']
  link line: [ /home/filipe/.espressif/tools/xtensa-esp32s3-elf/esp-12.2.0_20230208/xtensa-esp32s3-elf/bin/../libexec/gcc/xtensa-esp32s3-elf/12.2.0/collect2 -plugin /home/filipe/.espressif/tools/xtensa-esp32s3-elf/esp-12.2.0_20230208/xtensa-esp32s3-elf/bin/../libexec/gcc/xtensa-esp32s3-elf/12.2.0/liblto_plugin.so -plugin-opt=/home/filipe/.espressif/tools/xtensa-esp32s3-elf/esp-12.2.0_20230208/xtensa-esp32s3-elf/bin/../libexec/gcc/xtensa-esp32s3-elf/12.2.0/lto-wrapper -plugin-opt=-fresolution=/tmp/ccJ2hSpp.res -plugin-opt=-pass-through=-lgcc -plugin-opt=-pass-through=-lc -plugin-opt=-pass-through=-lnosys -plugin-opt=-pass-through=-lc -plugin-opt=-pass-through=-lgcc -o cmTC_5ea55 /home/filipe/.espressif/tools/xtensa-esp32s3-elf/esp-12.2.0_20230208/xtensa-esp32s3-elf/bin/../lib/gcc/xtensa-esp32s3-elf/12.2.0/../../../../xtensa-esp32s3-elf/lib/no-rtti/crt0.o /home/filipe/.espressif/tools/xtensa-esp32s3-elf/esp-12.2.0_20230208/xtensa-esp32s3-elf/bin/../lib/gcc/xtensa-esp32s3-elf/12.2.0/no-rtti/crti.o /home/filipe/.espressif/tools/xtensa-esp32s3-elf/esp-12.2.0_20230208/xtensa-esp32s3-elf/bin/../lib/gcc/xtensa-esp32s3-elf/12.2.0/no-rtti/crtbegin.o -L/home/filipe/.espressif/tools/xtensa-esp32s3-elf/esp-12.2.0_20230208/xtensa-esp32s3-elf/bin/../lib/gcc/xtensa-esp32s3-elf/12.2.0/no-rtti -L/home/filipe/.espressif/tools/xtensa-esp32s3-elf/esp-12.2.0_20230208/xtensa-esp32s3-elf/bin/../lib/gcc/xtensa-esp32s3-elf/12.2.0/../../../../xtensa-esp32s3-elf/lib/no-rtti -L/home/filipe/.espressif/tools/xtensa-esp32s3-elf/esp-12.2.0_20230208/xtensa-esp32s3-elf/bin/../lib/gcc/xtensa-esp32s3-elf/12.2.0 -L/home/filipe/.espressif/tools/xtensa-esp32s3-elf/esp-12.2.0_20230208/xtensa-esp32s3-elf/bin/../lib/gcc -L/home/filipe/.espressif/tools/xtensa-esp32s3-elf/esp-12.2.0_20230208/xtensa-esp32s3-elf/bin/../lib/gcc/xtensa-esp32s3-elf/12.2.0/../../../../xtensa-esp32s3-elf/lib CMakeFiles/cmTC_5ea55.dir/CMakeCXXCompilerABI.cpp.obj -lstdc++ -lm -lgcc -lc -lnosys -lc -lgcc /home/filipe/.espressif/tools/xtensa-esp32s3-elf/esp-12.2.0_20230208/xtensa-esp32s3-elf/bin/../lib/gcc/xtensa-esp32s3-elf/12.2.0/no-rtti/crtend.o /home/filipe/.espressif/tools/xtensa-esp32s3-elf/esp-12.2.0_20230208/xtensa-esp32s3-elf/bin/../lib/gcc/xtensa-esp32s3-elf/12.2.0/no-rtti/crtn.o]
    arg [/home/filipe/.espressif/tools/xtensa-esp32s3-elf/esp-12.2.0_20230208/xtensa-esp32s3-elf/bin/../libexec/gcc/xtensa-esp32s3-elf/12.2.0/collect2] ==> ignore
    arg [-plugin] ==> ignore
    arg [/home/filipe/.espressif/tools/xtensa-esp32s3-elf/esp-12.2.0_20230208/xtensa-esp32s3-elf/bin/../libexec/gcc/xtensa-esp32s3-elf/12.2.0/liblto_plugin.so] ==> ignore
    arg [-plugin-opt=/home/filipe/.espressif/tools/xtensa-esp32s3-elf/esp-12.2.0_20230208/xtensa-esp32s3-elf/bin/../libexec/gcc/xtensa-esp32s3-elf/12.2.0/lto-wrapper] ==> ignore
    arg [-plugin-opt=-fresolution=/tmp/ccJ2hSpp.res] ==> ignore
    arg [-plugin-opt=-pass-through=-lgcc] ==> ignore
    arg [-plugin-opt=-pass-through=-lc] ==> ignore
    arg [-plugin-opt=-pass-through=-lnosys] ==> ignore
    arg [-plugin-opt=-pass-through=-lc] ==> ignore
    arg [-plugin-opt=-pass-through=-lgcc] ==> ignore
    arg [-o] ==> ignore
    arg [cmTC_5ea55] ==> ignore
    arg [/home/filipe/.espressif/tools/xtensa-esp32s3-elf/esp-12.2.0_20230208/xtensa-esp32s3-elf/bin/../lib/gcc/xtensa-esp32s3-elf/12.2.0/../../../../xtensa-esp32s3-elf/lib/no-rtti/crt0.o] ==> obj [/home/filipe/.espressif/tools/xtensa-esp32s3-elf/esp-12.2.0_20230208/xtensa-esp32s3-elf/bin/../lib/gcc/xtensa-esp32s3-elf/12.2.0/../../../../xtensa-esp32s3-elf/lib/no-rtti/crt0.o]
    arg [/home/filipe/.espressif/tools/xtensa-esp32s3-elf/esp-12.2.0_20230208/xtensa-esp32s3-elf/bin/../lib/gcc/xtensa-esp32s3-elf/12.2.0/no-rtti/crti.o] ==> obj [/home/filipe/.espressif/tools/xtensa-esp32s3-elf/esp-12.2.0_20230208/xtensa-esp32s3-elf/bin/../lib/gcc/xtensa-esp32s3-elf/12.2.0/no-rtti/crti.o]
    arg [/home/filipe/.espressif/tools/xtensa-esp32s3-elf/esp-12.2.0_20230208/xtensa-esp32s3-elf/bin/../lib/gcc/xtensa-esp32s3-elf/12.2.0/no-rtti/crtbegin.o] ==> obj [/home/filipe/.espressif/tools/xtensa-esp32s3-elf/esp-12.2.0_20230208/xtensa-esp32s3-elf/bin/../lib/gcc/xtensa-esp32s3-elf/12.2.0/no-rtti/crtbegin.o]
    arg [-L/home/filipe/.espressif/tools/xtensa-esp32s3-elf/esp-12.2.0_20230208/xtensa-esp32s3-elf/bin/../lib/gcc/xtensa-esp32s3-elf/12.2.0/no-rtti] ==> dir [/home/filipe/.espressif/tools/xtensa-esp32s3-elf/esp-12.2.0_20230208/xtensa-esp32s3-elf/bin/../lib/gcc/xtensa-esp32s3-elf/12.2.0/no-rtti]
    arg [-L/home/filipe/.espressif/tools/xtensa-esp32s3-elf/esp-12.2.0_20230208/xtensa-esp32s3-elf/bin/../lib/gcc/xtensa-esp32s3-elf/12.2.0/../../../../xtensa-esp32s3-elf/lib/no-rtti] ==> dir [/home/filipe/.espressif/tools/xtensa-esp32s3-elf/esp-12.2.0_20230208/xtensa-esp32s3-elf/bin/../lib/gcc/xtensa-esp32s3-elf/12.2.0/../../../../xtensa-esp32s3-elf/lib/no-rtti]
    arg [-L/home/filipe/.espressif/tools/xtensa-esp32s3-elf/esp-12.2.0_20230208/xtensa-esp32s3-elf/bin/../lib/gcc/xtensa-esp32s3-elf/12.2.0] ==> dir [/home/filipe/.espressif/tools/xtensa-esp32s3-elf/esp-12.2.0_20230208/xtensa-esp32s3-elf/bin/../lib/gcc/xtensa-esp32s3-elf/12.2.0]
    arg [-L/home/filipe/.espressif/tools/xtensa-esp32s3-elf/esp-12.2.0_20230208/xtensa-esp32s3-elf/bin/../lib/gcc] ==> dir [/home/filipe/.espressif/tools/xtensa-esp32s3-elf/esp-12.2.0_20230208/xtensa-esp32s3-elf/bin/../lib/gcc]
    arg [-L/home/filipe/.espressif/tools/xtensa-esp32s3-elf/esp-12.2.0_20230208/xtensa-esp32s3-elf/bin/../lib/gcc/xtensa-esp32s3-elf/12.2.0/../../../../xtensa-esp32s3-elf/lib] ==> dir [/home/filipe/.espressif/tools/xtensa-esp32s3-elf/esp-12.2.0_20230208/xtensa-esp32s3-elf/bin/../lib/gcc/xtensa-esp32s3-elf/12.2.0/../../../../xtensa-esp32s3-elf/lib]
    arg [CMakeFiles/cmTC_5ea55.dir/CMakeCXXCompilerABI.cpp.obj] ==> ignore
    arg [-lstdc++] ==> lib [stdc++]
    arg [-lm] ==> lib [m]
    arg [-lgcc] ==> lib [gcc]
    arg [-lc] ==> lib [c]
    arg [-lnosys] ==> lib [nosys]
    arg [-lc] ==> lib [c]
    arg [-lgcc] ==> lib [gcc]
    arg [/home/filipe/.espressif/tools/xtensa-esp32s3-elf/esp-12.2.0_20230208/xtensa-esp32s3-elf/bin/../lib/gcc/xtensa-esp32s3-elf/12.2.0/no-rtti/crtend.o] ==> obj [/home/filipe/.espressif/tools/xtensa-esp32s3-elf/esp-12.2.0_20230208/xtensa-esp32s3-elf/bin/../lib/gcc/xtensa-esp32s3-elf/12.2.0/no-rtti/crtend.o]
    arg [/home/filipe/.espressif/tools/xtensa-esp32s3-elf/esp-12.2.0_20230208/xtensa-esp32s3-elf/bin/../lib/gcc/xtensa-esp32s3-elf/12.2.0/no-rtti/crtn.o] ==> obj [/home/filipe/.espressif/tools/xtensa-esp32s3-elf/esp-12.2.0_20230208/xtensa-esp32s3-elf/bin/../lib/gcc/xtensa-esp32s3-elf/12.2.0/no-rtti/crtn.o]
  collapse obj [/home/filipe/.espressif/tools/xtensa-esp32s3-elf/esp-12.2.0_20230208/xtensa-esp32s3-elf/bin/../lib/gcc/xtensa-esp32s3-elf/12.2.0/../../../../xtensa-esp32s3-elf/lib/no-rtti/crt0.o] ==> [/home/filipe/.espressif/tools/xtensa-esp32s3-elf/esp-12.2.0_20230208/xtensa-esp32s3-elf/xtensa-esp32s3-elf/lib/no-rtti/crt0.o]
  collapse obj [/home/filipe/.espressif/tools/xtensa-esp32s3-elf/esp-12.2.0_20230208/xtensa-esp32s3-elf/bin/../lib/gcc/xtensa-esp32s3-elf/12.2.0/no-rtti/crti.o] ==> [/home/filipe/.espressif/tools/xtensa-esp32s3-elf/esp-12.2.0_20230208/xtensa-esp32s3-elf/lib/gcc/xtensa-esp32s3-elf/12.2.0/no-rtti/crti.o]
  collapse obj [/home/filipe/.espressif/tools/xtensa-esp32s3-elf/esp-12.2.0_20230208/xtensa-esp32s3-elf/bin/../lib/gcc/xtensa-esp32s3-elf/12.2.0/no-rtti/crtbegin.o] ==> [/home/filipe/.espressif/tools/xtensa-esp32s3-elf/esp-12.2.0_20230208/xtensa-esp32s3-elf/lib/gcc/xtensa-esp32s3-elf/12.2.0/no-rtti/crtbegin.o]
  collapse obj [/home/filipe/.espressif/tools/xtensa-esp32s3-elf/esp-12.2.0_20230208/xtensa-esp32s3-elf/bin/../lib/gcc/xtensa-esp32s3-elf/12.2.0/no-rtti/crtend.o] ==> [/home/filipe/.espressif/tools/xtensa-esp32s3-elf/esp-12.2.0_20230208/xtensa-esp32s3-elf/lib/gcc/xtensa-esp32s3-elf/12.2.0/no-rtti/crtend.o]
  collapse obj [/home/filipe/.espressif/tools/xtensa-esp32s3-elf/esp-12.2.0_20230208/xtensa-esp32s3-elf/bin/../lib/gcc/xtensa-esp32s3-elf/12.2.0/no-rtti/crtn.o] ==> [/home/filipe/.espressif/tools/xtensa-esp32s3-elf/esp-12.2.0_20230208/xtensa-esp32s3-elf/lib/gcc/xtensa-esp32s3-elf/12.2.0/no-rtti/crtn.o]
  collapse library dir [/home/filipe/.espressif/tools/xtensa-esp32s3-elf/esp-12.2.0_20230208/xtensa-esp32s3-elf/bin/../lib/gcc/xtensa-esp32s3-elf/12.2.0/no-rtti] ==> [/home/filipe/.espressif/tools/xtensa-esp32s3-elf/esp-12.2.0_20230208/xtensa-esp32s3-elf/lib/gcc/xtensa-esp32s3-elf/12.2.0/no-rtti]
  collapse library dir [/home/filipe/.espressif/tools/xtensa-esp32s3-elf/esp-12.2.0_20230208/xtensa-esp32s3-elf/bin/../lib/gcc/xtensa-esp32s3-elf/12.2.0/../../../../xtensa-esp32s3-elf/lib/no-rtti] ==> [/home/filipe/.espressif/tools/xtensa-esp32s3-elf/esp-12.2.0_20230208/xtensa-esp32s3-elf/xtensa-esp32s3-elf/lib/no-rtti]
  collapse library dir [/home/filipe/.espressif/tools/xtensa-esp32s3-elf/esp-12.2.0_20230208/xtensa-esp32s3-elf/bin/../lib/gcc/xtensa-esp32s3-elf/12.2.0] ==> [/home/filipe/.espressif/tools/xtensa-esp32s3-elf/esp-12.2.0_20230208/xtensa-esp32s3-elf/lib/gcc/xtensa-esp32s3-elf/12.2.0]
  collapse library dir [/home/filipe/.espressif/tools/xtensa-esp32s3-elf/esp-12.2.0_20230208/xtensa-esp32s3-elf/bin/../lib/gcc] ==> [/home/filipe/.espressif/tools/xtensa-esp32s3-elf/esp-12.2.0_20230208/xtensa-esp32s3-elf/lib/gcc]
  collapse library dir [/home/filipe/.espressif/tools/xtensa-esp32s3-elf/esp-12.2.0_20230208/xtensa-esp32s3-elf/bin/../lib/gcc/xtensa-esp32s3-elf/12.2.0/../../../../xtensa-esp32s3-elf/lib] ==> [/home/filipe/.espressif/tools/xtensa-esp32s3-elf/esp-12.2.0_20230208/xtensa-esp32s3-elf/xtensa-esp32s3-elf/lib]
  implicit libs: [stdc++;m;gcc;c;nosys;c;gcc]
  implicit objs: [/home/filipe/.espressif/tools/xtensa-esp32s3-elf/esp-12.2.0_20230208/xtensa-esp32s3-elf/xtensa-esp32s3-elf/lib/no-rtti/crt0.o;/home/filipe/.espressif/tools/xtensa-esp32s3-elf/esp-12.2.0_20230208/xtensa-esp32s3-elf/lib/gcc/xtensa-esp32s3-elf/12.2.0/no-rtti/crti.o;/home/filipe/.espressif/tools/xtensa-esp32s3-elf/esp-12.2.0_20230208/xtensa-esp32s3-elf/lib/gcc/xtensa-esp32s3-elf/12.2.0/no-rtti/crtbegin.o;/home/filipe/.espressif/tools/xtensa-esp32s3-elf/esp-12.2.0_20230208/xtensa-esp32s3-elf/lib/gcc/xtensa-esp32s3-elf/12.2.0/no-rtti/crtend.o;/home/filipe/.espressif/tools/xtensa-esp32s3-elf/esp-12.2.0_20230208/xtensa-esp32s3-elf/lib/gcc/xtensa-esp32s3-elf/12.2.0/no-rtti/crtn.o]
  implicit dirs: [/home/filipe/.espressif/tools/xtensa-esp32s3-elf/esp-12.2.0_20230208/xtensa-esp32s3-elf/lib/gcc/xtensa-esp32s3-elf/12.2.0/no-rtti;/home/filipe/.espressif/tools/xtensa-esp32s3-elf/esp-12.2.0_20230208/xtensa-esp32s3-elf/xtensa-esp32s3-elf/lib/no-rtti;/home/filipe/.espressif/tools/xtensa-esp32s3-elf/esp-12.2.0_20230208/xtensa-esp32s3-elf/lib/gcc/xtensa-esp32s3-elf/12.2.0;/home/filipe/.espressif/tools/xtensa-esp32s3-elf/esp-12.2.0_20230208/xtensa-esp32s3-elf/lib/gcc;/home/filipe/.espressif/tools/xtensa-esp32s3-elf/esp-12.2.0_20230208/xtensa-esp32s3-elf/xtensa-esp32s3-elf/lib]
  implicit fwks: []


Performing C++ SOURCE FILE Test NULLPTR_SUPPORTED succeeded with the following output:
Change Dir: /home/filipe/Projetos/TCC_4DiacForte_ESP32S3/org.eclipse.4diac.forte/bin/esp32s3/CMakeFiles/CMakeTmp

Run Build Command(s):/usr/bin/gmake -f Makefile cmTC_ed03f/fast && /usr/bin/gmake  -f CMakeFiles/cmTC_ed03f.dir/build.make CMakeFiles/cmTC_ed03f.dir/build
gmake[1]: Entering directory '/home/filipe/Projetos/TCC_4DiacForte_ESP32S3/org.eclipse.4diac.forte/bin/esp32s3/CMakeFiles/CMakeTmp'
Building CXX object CMakeFiles/cmTC_ed03f.dir/src.cxx.obj
/home/filipe/.espressif/tools/xtensa-esp32s3-elf/esp-12.2.0_20230208/xtensa-esp32s3-elf/bin/xtensa-esp32s3-elf-g++ -DNULLPTR_SUPPORTED  -mlongcalls  -ffunction-sections -fdata-sections -fno-threadsafe-statics -fno-rtti -fno-exceptions -Wno-deprecated-declarations -Wno-attributes -ffunction-sections -fdata-sections -fno-threadsafe-statics -fno-rtti -fno-exceptions -Wno-deprecated-declarations -Wno-attributes  -o CMakeFiles/cmTC_ed03f.dir/src.cxx.obj -c /home/filipe/Projetos/TCC_4DiacForte_ESP32S3/org.eclipse.4diac.forte/bin/esp32s3/CMakeFiles/CMakeTmp/src.cxx
Linking CXX executable cmTC_ed03f
/usr/bin/cmake -E cmake_link_script CMakeFiles/cmTC_ed03f.dir/link.txt --verbose=1
/home/filipe/.espressif/tools/xtensa-esp32s3-elf/esp-12.2.0_20230208/xtensa-esp32s3-elf/bin/xtensa-esp32s3-elf-g++ -mlongcalls  -ffunction-sections -fdata-sections -fno-threadsafe-statics -fno-rtti -fno-exceptions -Wno-deprecated-declarations -Wno-attributes -ffunction-sections -fdata-sections -fno-threadsafe-statics -fno-rtti -fno-exceptions -Wno-deprecated-declarations -Wno-attributes  CMakeFiles/cmTC_ed03f.dir/src.cxx.obj -o cmTC_ed03f 
gmake[1]: Leaving directory '/home/filipe/Projetos/TCC_4DiacForte_ESP32S3/org.eclipse.4diac.forte/bin/esp32s3/CMakeFiles/CMakeTmp'


Source file was:
int main() { void* p = nullptr; }
